This file contains any messages produced by compilers while
running configure, to aid debugging if configure makes a mistake.

It was created by libpng configure 1.2.51, which was
generated by GNU Autoconf 2.69.  Invocation command line was

  $ ./configure --host=arm-linux --build=x86_64-linux-gnu --prefix=/usr --enable-static --enable-shared

## --------- ##
## Platform. ##
## --------- ##

hostname = ubuntu
uname -m = x86_64
uname -r = 4.4.0-87-generic
uname -s = Linux
uname -v = #110-Ubuntu SMP Tue Jul 18 12:55:35 UTC 2017

/usr/bin/uname -p = unknown
/bin/uname -X     = unknown

/bin/arch              = unknown
/usr/bin/arch -k       = unknown
/usr/convex/getsysinfo = unknown
/usr/bin/hostinfo      = unknown
/bin/machine           = unknown
/usr/bin/oslevel       = unknown
/bin/universe          = unknown

PATH: /home/chengliye/advancedtomato-arm/release/tools
PATH: /home/chengliye/advancedtomato-arm/release/tools
PATH: /home/chengliye/advancedtomato-arm/release/tools
PATH: /home/chengliye/advancedtomato-arm/release/tools
PATH: /home/chengliye/bin
PATH: /usr/sbin/
PATH: /usr/local/bin
PATH: /sbin/
PATH: /usr/local/sbin
PATH: /usr/local/bin
PATH: /usr/sbin
PATH: /usr/bin
PATH: /sbin
PATH: /bin
PATH: /usr/games
PATH: /usr/local/games
PATH: /home/chengliye/advancedtomato-arm/release/src-rt-6.x.4708/toolchains/hndtools-arm-linux-2.6.36-uclibc-4.5.3/bin


## ----------- ##
## Core tests. ##
## ----------- ##

configure:2334: checking for a BSD-compatible install
configure:2402: result: /usr/bin/install -c
configure:2413: checking whether build environment is sane
configure:2468: result: yes
configure:2527: checking for arm-linux-strip
configure:2554: result: arm-brcm-linux-uclibcgnueabi-strip
configure:2619: checking for a thread-safe mkdir -p
configure:2658: result: /bin/mkdir -p
configure:2665: checking for gawk
configure:2681: found /usr/bin/gawk
configure:2692: result: gawk
configure:2703: checking whether make sets $(MAKE)
configure:2725: result: yes
configure:2754: checking whether make supports nested variables
configure:2771: result: yes
configure:2897: checking whether to enable maintainer-specific portions of Makefiles
configure:2906: result: no
configure:2939: checking for arm-linux-gcc
configure:2966: result: arm-brcm-linux-uclibcgnueabi-gcc
configure:3235: checking for C compiler version
configure:3244: arm-brcm-linux-uclibcgnueabi-gcc --version >&5
arm-brcm-linux-uclibcgnueabi-gcc (Buildroot 2012.02) 4.5.3
Copyright (C) 2010 Free Software Foundation, Inc.
This is free software; see the source for copying conditions.  There is NO
warranty; not even for MERCHANTABILITY or FITNESS FOR A PARTICULAR PURPOSE.

configure:3255: $? = 0
configure:3244: arm-brcm-linux-uclibcgnueabi-gcc -v >&5
Using built-in specs.
COLLECT_GCC=arm-brcm-linux-uclibcgnueabi-gcc
COLLECT_LTO_WRAPPER=/home/chengliye/advancedtomato-arm/release/src-rt-6.x.4708/toolchains/hndtools-arm-linux-2.6.36-uclibc-4.5.3/bin/../libexec/gcc/arm-brcm-linux-uclibcgnueabi/4.5.3/lto-wrapper
Target: arm-brcm-linux-uclibcgnueabi
Configured with: /projects/toolchains_build/buildroot-2012.02-brcm/output/toolchain/gcc-4.5.3/configure --prefix=/projects/hnd/tools/linux/hndtools-arm-linux-2.6.36-uclibc-4.5.3 --build=i686-pc-linux-gnu --host=i686-pc-linux-gnu --target=arm-brcm-linux-uclibcgnueabi --enable-languages=c,c++ --with-sysroot=/projects/hnd/tools/linux/hndtools-arm-linux-2.6.36-uclibc-4.5.3/arm-brcm-linux-uclibcgnueabi/sysroot --with-build-time-tools=/projects/hnd/tools/linux/hndtools-arm-linux-2.6.36-uclibc-4.5.3/arm-brcm-linux-uclibcgnueabi/bin --disable-__cxa_atexit --enable-target-optspace --disable-libgomp --with-gnu-ld --disable-libssp --disable-multilib --disable-tls --enable-shared --with-gmp=/projects/hnd/tools/linux/hndtools-arm-linux-2.6.36-uclibc-4.5.3 --with-mpfr=/projects/hnd/tools/linux/hndtools-arm-linux-2.6.36-uclibc-4.5.3 --with-mpc=/projects/hnd/tools/linux/hndtools-arm-linux-2.6.36-uclibc-4.5.3 --enable-threads --disable-decimal-float --with-float=soft --with-abi=aapcs-linux --with-arch=armv7-a --with-tune=cortex-a9 --with-pkgversion='Buildroot 2012.02' --with-bugurl=http://bugs.buildroot.net/
Thread model: posix
gcc version 4.5.3 (Buildroot 2012.02) 
configure:3255: $? = 0
configure:3244: arm-brcm-linux-uclibcgnueabi-gcc -V >&5
arm-brcm-linux-uclibcgnueabi-gcc: '-V' option must have argument
configure:3255: $? = 1
configure:3244: arm-brcm-linux-uclibcgnueabi-gcc -qversion >&5
arm-brcm-linux-uclibcgnueabi-gcc: unrecognized option '-qversion'
arm-brcm-linux-uclibcgnueabi-gcc: no input files
configure:3255: $? = 1
configure:3275: checking whether the C compiler works
configure:3297: arm-brcm-linux-uclibcgnueabi-gcc -Os -Wall -DLINUX26 -DCONFIG_BCMWL5 -DCONFIG_BCMWL6 -DCONFIG_BCMWL6A -DPART_JFFS2_GAP=0UL -pipe -fno-strict-aliasing -DBCMWPA2 -DBCMARM -marm  -DTCONFIG_NVRAM_64K -DLINUX_KERNEL_VERSION=132644   conftest.c  >&5
configure:3301: $? = 0
configure:3349: result: yes
configure:3352: checking for C compiler default output file name
configure:3354: result: a.out
configure:3360: checking for suffix of executables
configure:3367: arm-brcm-linux-uclibcgnueabi-gcc -o conftest -Os -Wall -DLINUX26 -DCONFIG_BCMWL5 -DCONFIG_BCMWL6 -DCONFIG_BCMWL6A -DPART_JFFS2_GAP=0UL -pipe -fno-strict-aliasing -DBCMWPA2 -DBCMARM -marm  -DTCONFIG_NVRAM_64K -DLINUX_KERNEL_VERSION=132644   conftest.c  >&5
configure:3371: $? = 0
configure:3393: result: 
configure:3415: checking whether we are cross compiling
configure:3453: result: yes
configure:3458: checking for suffix of object files
configure:3480: arm-brcm-linux-uclibcgnueabi-gcc -c -Os -Wall -DLINUX26 -DCONFIG_BCMWL5 -DCONFIG_BCMWL6 -DCONFIG_BCMWL6A -DPART_JFFS2_GAP=0UL -pipe -fno-strict-aliasing -DBCMWPA2 -DBCMARM -marm  -DTCONFIG_NVRAM_64K -DLINUX_KERNEL_VERSION=132644  conftest.c >&5
configure:3484: $? = 0
configure:3505: result: o
configure:3509: checking whether we are using the GNU C compiler
configure:3528: arm-brcm-linux-uclibcgnueabi-gcc -c -Os -Wall -DLINUX26 -DCONFIG_BCMWL5 -DCONFIG_BCMWL6 -DCONFIG_BCMWL6A -DPART_JFFS2_GAP=0UL -pipe -fno-strict-aliasing -DBCMWPA2 -DBCMARM -marm  -DTCONFIG_NVRAM_64K -DLINUX_KERNEL_VERSION=132644  conftest.c >&5
configure:3528: $? = 0
configure:3537: result: yes
configure:3546: checking whether arm-brcm-linux-uclibcgnueabi-gcc accepts -g
configure:3566: arm-brcm-linux-uclibcgnueabi-gcc -c -g  conftest.c >&5
configure:3566: $? = 0
configure:3607: result: yes
configure:3624: checking for arm-brcm-linux-uclibcgnueabi-gcc option to accept ISO C89
configure:3687: arm-brcm-linux-uclibcgnueabi-gcc  -c -Os -Wall -DLINUX26 -DCONFIG_BCMWL5 -DCONFIG_BCMWL6 -DCONFIG_BCMWL6A -DPART_JFFS2_GAP=0UL -pipe -fno-strict-aliasing -DBCMWPA2 -DBCMARM -marm  -DTCONFIG_NVRAM_64K -DLINUX_KERNEL_VERSION=132644  conftest.c >&5
configure:3687: $? = 0
configure:3700: result: none needed
configure:3725: checking whether arm-brcm-linux-uclibcgnueabi-gcc understands -c and -o together
configure:3747: arm-brcm-linux-uclibcgnueabi-gcc -c conftest.c -o conftest2.o
configure:3750: $? = 0
configure:3747: arm-brcm-linux-uclibcgnueabi-gcc -c conftest.c -o conftest2.o
configure:3750: $? = 0
configure:3762: result: yes
configure:3790: checking for style of include used by make
configure:3818: result: GNU
configure:3844: checking dependency style of arm-brcm-linux-uclibcgnueabi-gcc
configure:3955: result: gcc3
configure:3974: checking build system type
configure:3988: result: x86_64-pc-linux-gnu
configure:4008: checking host system type
configure:4021: result: arm-unknown-linux-gnu
configure:4041: checking for a sed that does not truncate output
configure:4105: result: /bin/sed
configure:4123: checking for grep that handles long lines and -e
configure:4181: result: /bin/grep
configure:4186: checking for egrep
configure:4248: result: /bin/grep -E
configure:4253: checking for fgrep
configure:4315: result: /bin/grep -F
configure:4342: checking how to print strings
configure:4369: result: printf
configure:4402: checking for ld used by arm-brcm-linux-uclibcgnueabi-gcc
configure:4469: result: arm-brcm-linux-uclibcgnueabi-ld
configure:4476: checking if the linker (arm-brcm-linux-uclibcgnueabi-ld) is GNU ld
configure:4491: result: yes
configure:4508: checking how to run the C preprocessor
configure:4539: arm-brcm-linux-uclibcgnueabi-gcc -E  conftest.c
configure:4539: $? = 0
configure:4553: arm-brcm-linux-uclibcgnueabi-gcc -E  conftest.c
conftest.c:11:28: fatal error: ac_nonexistent.h: No such file or directory
compilation terminated.
configure:4553: $? = 1
configure: failed program was:
| /* confdefs.h */
| #define PACKAGE_NAME "libpng"
| #define PACKAGE_TARNAME "libpng"
| #define PACKAGE_VERSION "1.2.51"
| #define PACKAGE_STRING "libpng 1.2.51"
| #define PACKAGE_BUGREPORT "png-mng-implement@lists.sourceforge.net"
| #define PACKAGE_URL ""
| #define PACKAGE "libpng"
| #define VERSION "1.2.51"
| /* end confdefs.h.  */
| #include <ac_nonexistent.h>
configure:4578: result: arm-brcm-linux-uclibcgnueabi-gcc -E
configure:4598: arm-brcm-linux-uclibcgnueabi-gcc -E  conftest.c
configure:4598: $? = 0
configure:4612: arm-brcm-linux-uclibcgnueabi-gcc -E  conftest.c
conftest.c:11:28: fatal error: ac_nonexistent.h: No such file or directory
compilation terminated.
configure:4612: $? = 1
configure: failed program was:
| /* confdefs.h */
| #define PACKAGE_NAME "libpng"
| #define PACKAGE_TARNAME "libpng"
| #define PACKAGE_VERSION "1.2.51"
| #define PACKAGE_STRING "libpng 1.2.51"
| #define PACKAGE_BUGREPORT "png-mng-implement@lists.sourceforge.net"
| #define PACKAGE_URL ""
| #define PACKAGE "libpng"
| #define VERSION "1.2.51"
| /* end confdefs.h.  */
| #include <ac_nonexistent.h>
configure:4643: checking for arm-linux-sed
configure:4670: result: /bin/sed
configure:5036: checking whether ln -s works
configure:5040: result: yes
configure:5047: checking whether make sets $(MAKE)
configure:5069: result: yes
configure:5120: checking for BSD- or MS-compatible name lister (nm)
configure:5169: result: arm-brcm-linux-uclibcgnueabi-nm
configure:5299: checking the name lister (arm-brcm-linux-uclibcgnueabi-nm) interface
configure:5306: arm-brcm-linux-uclibcgnueabi-gcc -c -Os -Wall -DLINUX26 -DCONFIG_BCMWL5 -DCONFIG_BCMWL6 -DCONFIG_BCMWL6A -DPART_JFFS2_GAP=0UL -pipe -fno-strict-aliasing -DBCMWPA2 -DBCMARM -marm  -DTCONFIG_NVRAM_64K -DLINUX_KERNEL_VERSION=132644  conftest.c >&5
configure:5309: arm-brcm-linux-uclibcgnueabi-nm "conftest.o"
configure:5312: output
00000000 B some_variable
configure:5319: result: BSD nm
configure:5323: checking the maximum length of command line arguments
configure:5453: result: 1572864
configure:5470: checking whether the shell understands some XSI constructs
configure:5480: result: yes
configure:5484: checking whether the shell understands "+="
configure:5490: result: yes
configure:5525: checking how to convert x86_64-pc-linux-gnu file names to arm-unknown-linux-gnu format
configure:5565: result: func_convert_file_noop
configure:5572: checking how to convert x86_64-pc-linux-gnu file names to toolchain format
configure:5592: result: func_convert_file_noop
configure:5599: checking for arm-brcm-linux-uclibcgnueabi-ld option to reload object files
configure:5606: result: -r
configure:5640: checking for arm-linux-objdump
configure:5667: result: objdump
configure:5736: checking how to recognize dependent libraries
configure:5938: result: pass_all
configure:5983: checking for arm-linux-dlltool
configure:6010: result: dlltool
configure:6080: checking how to associate runtime and link libraries
configure:6107: result: printf %s\n
configure:6124: checking for arm-linux-ar
configure:6151: result: arm-brcm-linux-uclibcgnueabi-ar
configure:6232: checking for archiver @FILE support
configure:6249: arm-brcm-linux-uclibcgnueabi-gcc -c -Os -Wall -DLINUX26 -DCONFIG_BCMWL5 -DCONFIG_BCMWL6 -DCONFIG_BCMWL6A -DPART_JFFS2_GAP=0UL -pipe -fno-strict-aliasing -DBCMWPA2 -DBCMARM -marm  -DTCONFIG_NVRAM_64K -DLINUX_KERNEL_VERSION=132644  conftest.c >&5
configure:6249: $? = 0
configure:6252: arm-brcm-linux-uclibcgnueabi-ar cru libconftest.a @conftest.lst >&5
configure:6255: $? = 0
configure:6260: arm-brcm-linux-uclibcgnueabi-ar cru libconftest.a @conftest.lst >&5
arm-brcm-linux-uclibcgnueabi-ar: conftest.o: No such file or directory
configure:6263: $? = 1
configure:6275: result: @
configure:6293: checking for arm-linux-strip
configure:6320: result: arm-brcm-linux-uclibcgnueabi-strip
configure:6392: checking for arm-linux-ranlib
configure:6419: result: arm-brcm-linux-uclibcgnueabi-ranlib
configure:6561: checking command to parse arm-brcm-linux-uclibcgnueabi-nm output from arm-brcm-linux-uclibcgnueabi-gcc object
configure:6681: arm-brcm-linux-uclibcgnueabi-gcc -c -Os -Wall -DLINUX26 -DCONFIG_BCMWL5 -DCONFIG_BCMWL6 -DCONFIG_BCMWL6A -DPART_JFFS2_GAP=0UL -pipe -fno-strict-aliasing -DBCMWPA2 -DBCMARM -marm  -DTCONFIG_NVRAM_64K -DLINUX_KERNEL_VERSION=132644  conftest.c >&5
configure:6684: $? = 0
configure:6688: arm-brcm-linux-uclibcgnueabi-nm conftest.o \| sed -n -e 's/^.*[ ]\([ABCDGIRSTW][ABCDGIRSTW]*\)[ ][ ]*\([_A-Za-z][_A-Za-z0-9]*\)$/\1 \2 \2/p' | sed '/ __gnu_lto/d' \> conftest.nm
configure:6691: $? = 0
configure:6757: arm-brcm-linux-uclibcgnueabi-gcc -o conftest -Os -Wall -DLINUX26 -DCONFIG_BCMWL5 -DCONFIG_BCMWL6 -DCONFIG_BCMWL6A -DPART_JFFS2_GAP=0UL -pipe -fno-strict-aliasing -DBCMWPA2 -DBCMARM -marm  -DTCONFIG_NVRAM_64K -DLINUX_KERNEL_VERSION=132644   conftest.c conftstm.o >&5
configure:6760: $? = 0
configure:6798: result: ok
configure:6835: checking for sysroot
configure:6865: result: no
configure:7081: checking for arm-linux-mt
configure:7111: result: no
configure:7121: checking for mt
configure:7137: found /bin/mt
configure:7148: result: mt
configure:7160: WARNING: using cross tools not prefixed with host triplet
configure:7171: checking if mt is a manifest tool
configure:7177: mt '-?'
configure:7185: result: no
configure:7823: checking for ANSI C header files
configure:7843: arm-brcm-linux-uclibcgnueabi-gcc -c -Os -Wall -DLINUX26 -DCONFIG_BCMWL5 -DCONFIG_BCMWL6 -DCONFIG_BCMWL6A -DPART_JFFS2_GAP=0UL -pipe -fno-strict-aliasing -DBCMWPA2 -DBCMARM -marm  -DTCONFIG_NVRAM_64K -DLINUX_KERNEL_VERSION=132644  conftest.c >&5
configure:7843: $? = 0
configure:7927: result: yes
configure:7940: checking for sys/types.h
configure:7940: arm-brcm-linux-uclibcgnueabi-gcc -c -Os -Wall -DLINUX26 -DCONFIG_BCMWL5 -DCONFIG_BCMWL6 -DCONFIG_BCMWL6A -DPART_JFFS2_GAP=0UL -pipe -fno-strict-aliasing -DBCMWPA2 -DBCMARM -marm  -DTCONFIG_NVRAM_64K -DLINUX_KERNEL_VERSION=132644  conftest.c >&5
configure:7940: $? = 0
configure:7940: result: yes
configure:7940: checking for sys/stat.h
configure:7940: arm-brcm-linux-uclibcgnueabi-gcc -c -Os -Wall -DLINUX26 -DCONFIG_BCMWL5 -DCONFIG_BCMWL6 -DCONFIG_BCMWL6A -DPART_JFFS2_GAP=0UL -pipe -fno-strict-aliasing -DBCMWPA2 -DBCMARM -marm  -DTCONFIG_NVRAM_64K -DLINUX_KERNEL_VERSION=132644  conftest.c >&5
configure:7940: $? = 0
configure:7940: result: yes
configure:7940: checking for stdlib.h
configure:7940: arm-brcm-linux-uclibcgnueabi-gcc -c -Os -Wall -DLINUX26 -DCONFIG_BCMWL5 -DCONFIG_BCMWL6 -DCONFIG_BCMWL6A -DPART_JFFS2_GAP=0UL -pipe -fno-strict-aliasing -DBCMWPA2 -DBCMARM -marm  -DTCONFIG_NVRAM_64K -DLINUX_KERNEL_VERSION=132644  conftest.c >&5
configure:7940: $? = 0
configure:7940: result: yes
configure:7940: checking for string.h
configure:7940: arm-brcm-linux-uclibcgnueabi-gcc -c -Os -Wall -DLINUX26 -DCONFIG_BCMWL5 -DCONFIG_BCMWL6 -DCONFIG_BCMWL6A -DPART_JFFS2_GAP=0UL -pipe -fno-strict-aliasing -DBCMWPA2 -DBCMARM -marm  -DTCONFIG_NVRAM_64K -DLINUX_KERNEL_VERSION=132644  conftest.c >&5
configure:7940: $? = 0
configure:7940: result: yes
configure:7940: checking for memory.h
configure:7940: arm-brcm-linux-uclibcgnueabi-gcc -c -Os -Wall -DLINUX26 -DCONFIG_BCMWL5 -DCONFIG_BCMWL6 -DCONFIG_BCMWL6A -DPART_JFFS2_GAP=0UL -pipe -fno-strict-aliasing -DBCMWPA2 -DBCMARM -marm  -DTCONFIG_NVRAM_64K -DLINUX_KERNEL_VERSION=132644  conftest.c >&5
configure:7940: $? = 0
configure:7940: result: yes
configure:7940: checking for strings.h
configure:7940: arm-brcm-linux-uclibcgnueabi-gcc -c -Os -Wall -DLINUX26 -DCONFIG_BCMWL5 -DCONFIG_BCMWL6 -DCONFIG_BCMWL6A -DPART_JFFS2_GAP=0UL -pipe -fno-strict-aliasing -DBCMWPA2 -DBCMARM -marm  -DTCONFIG_NVRAM_64K -DLINUX_KERNEL_VERSION=132644  conftest.c >&5
configure:7940: $? = 0
configure:7940: result: yes
configure:7940: checking for inttypes.h
configure:7940: arm-brcm-linux-uclibcgnueabi-gcc -c -Os -Wall -DLINUX26 -DCONFIG_BCMWL5 -DCONFIG_BCMWL6 -DCONFIG_BCMWL6A -DPART_JFFS2_GAP=0UL -pipe -fno-strict-aliasing -DBCMWPA2 -DBCMARM -marm  -DTCONFIG_NVRAM_64K -DLINUX_KERNEL_VERSION=132644  conftest.c >&5
configure:7940: $? = 0
configure:7940: result: yes
configure:7940: checking for stdint.h
configure:7940: arm-brcm-linux-uclibcgnueabi-gcc -c -Os -Wall -DLINUX26 -DCONFIG_BCMWL5 -DCONFIG_BCMWL6 -DCONFIG_BCMWL6A -DPART_JFFS2_GAP=0UL -pipe -fno-strict-aliasing -DBCMWPA2 -DBCMARM -marm  -DTCONFIG_NVRAM_64K -DLINUX_KERNEL_VERSION=132644  conftest.c >&5
configure:7940: $? = 0
configure:7940: result: yes
configure:7940: checking for unistd.h
configure:7940: arm-brcm-linux-uclibcgnueabi-gcc -c -Os -Wall -DLINUX26 -DCONFIG_BCMWL5 -DCONFIG_BCMWL6 -DCONFIG_BCMWL6A -DPART_JFFS2_GAP=0UL -pipe -fno-strict-aliasing -DBCMWPA2 -DBCMARM -marm  -DTCONFIG_NVRAM_64K -DLINUX_KERNEL_VERSION=132644  conftest.c >&5
configure:7940: $? = 0
configure:7940: result: yes
configure:7954: checking for dlfcn.h
configure:7954: arm-brcm-linux-uclibcgnueabi-gcc -c -Os -Wall -DLINUX26 -DCONFIG_BCMWL5 -DCONFIG_BCMWL6 -DCONFIG_BCMWL6A -DPART_JFFS2_GAP=0UL -pipe -fno-strict-aliasing -DBCMWPA2 -DBCMARM -marm  -DTCONFIG_NVRAM_64K -DLINUX_KERNEL_VERSION=132644  conftest.c >&5
configure:7954: $? = 0
configure:7954: result: yes
configure:8158: checking for objdir
configure:8173: result: .libs
configure:8440: checking if arm-brcm-linux-uclibcgnueabi-gcc supports -fno-rtti -fno-exceptions
configure:8458: arm-brcm-linux-uclibcgnueabi-gcc -c -Os -Wall -DLINUX26 -DCONFIG_BCMWL5 -DCONFIG_BCMWL6 -DCONFIG_BCMWL6A -DPART_JFFS2_GAP=0UL -pipe -fno-strict-aliasing -DBCMWPA2 -DBCMARM -marm  -DTCONFIG_NVRAM_64K -DLINUX_KERNEL_VERSION=132644  -fno-rtti -fno-exceptions conftest.c >&5
cc1: warning: command line option "-fno-rtti" is valid for C++/ObjC++ but not for C
configure:8462: $? = 0
configure:8475: result: no
configure:8802: checking for arm-brcm-linux-uclibcgnueabi-gcc option to produce PIC
configure:8809: result: -fPIC -DPIC
configure:8817: checking if arm-brcm-linux-uclibcgnueabi-gcc PIC flag -fPIC -DPIC works
configure:8835: arm-brcm-linux-uclibcgnueabi-gcc -c -Os -Wall -DLINUX26 -DCONFIG_BCMWL5 -DCONFIG_BCMWL6 -DCONFIG_BCMWL6A -DPART_JFFS2_GAP=0UL -pipe -fno-strict-aliasing -DBCMWPA2 -DBCMARM -marm  -DTCONFIG_NVRAM_64K -DLINUX_KERNEL_VERSION=132644  -fPIC -DPIC -DPIC conftest.c >&5
configure:8839: $? = 0
configure:8852: result: yes
configure:8881: checking if arm-brcm-linux-uclibcgnueabi-gcc static flag -static works
configure:8909: result: yes
configure:8924: checking if arm-brcm-linux-uclibcgnueabi-gcc supports -c -o file.o
configure:8945: arm-brcm-linux-uclibcgnueabi-gcc -c -Os -Wall -DLINUX26 -DCONFIG_BCMWL5 -DCONFIG_BCMWL6 -DCONFIG_BCMWL6A -DPART_JFFS2_GAP=0UL -pipe -fno-strict-aliasing -DBCMWPA2 -DBCMARM -marm  -DTCONFIG_NVRAM_64K -DLINUX_KERNEL_VERSION=132644  -o out/conftest2.o conftest.c >&5
configure:8949: $? = 0
configure:8971: result: yes
configure:8979: checking if arm-brcm-linux-uclibcgnueabi-gcc supports -c -o file.o
configure:9026: result: yes
configure:9059: checking whether the arm-brcm-linux-uclibcgnueabi-gcc linker (arm-brcm-linux-uclibcgnueabi-ld) supports shared libraries
configure:10212: result: yes
configure:10249: checking whether -lc should be explicitly linked in
configure:10257: arm-brcm-linux-uclibcgnueabi-gcc -c -Os -Wall -DLINUX26 -DCONFIG_BCMWL5 -DCONFIG_BCMWL6 -DCONFIG_BCMWL6A -DPART_JFFS2_GAP=0UL -pipe -fno-strict-aliasing -DBCMWPA2 -DBCMARM -marm  -DTCONFIG_NVRAM_64K -DLINUX_KERNEL_VERSION=132644  conftest.c >&5
configure:10260: $? = 0
configure:10275: arm-brcm-linux-uclibcgnueabi-gcc -shared  -fPIC -DPIC conftest.o  -v -Wl,-soname -Wl,conftest -o conftest 2\>\&1 \| /bin/grep  -lc  \>/dev/null 2\>\&1
configure:10278: $? = 0
configure:10292: result: no
configure:10452: checking dynamic linker characteristics
configure:10963: arm-brcm-linux-uclibcgnueabi-gcc -o conftest -Os -Wall -DLINUX26 -DCONFIG_BCMWL5 -DCONFIG_BCMWL6 -DCONFIG_BCMWL6A -DPART_JFFS2_GAP=0UL -pipe -fno-strict-aliasing -DBCMWPA2 -DBCMARM -marm  -DTCONFIG_NVRAM_64K -DLINUX_KERNEL_VERSION=132644   -Wl,-rpath -Wl,/foo conftest.c  >&5
configure:10963: $? = 0
configure:11185: result: GNU/Linux ld.so
configure:11292: checking how to hardcode library paths into programs
configure:11317: result: immediate
configure:11857: checking whether stripping libraries is possible
configure:11862: result: yes
configure:11897: checking if libtool supports shared libraries
configure:11899: result: yes
configure:11902: checking whether to build shared libraries
configure:11923: result: yes
configure:11926: checking whether to build static libraries
configure:11930: result: yes
configure:11969: checking for ANSI C header files
configure:12073: result: yes
configure:12084: checking malloc.h usability
configure:12084: arm-brcm-linux-uclibcgnueabi-gcc -c -Os -Wall -DLINUX26 -DCONFIG_BCMWL5 -DCONFIG_BCMWL6 -DCONFIG_BCMWL6A -DPART_JFFS2_GAP=0UL -pipe -fno-strict-aliasing -DBCMWPA2 -DBCMARM -marm  -DTCONFIG_NVRAM_64K -DLINUX_KERNEL_VERSION=132644  conftest.c >&5
configure:12084: $? = 0
configure:12084: result: yes
configure:12084: checking malloc.h presence
configure:12084: arm-brcm-linux-uclibcgnueabi-gcc -E  conftest.c
configure:12084: $? = 0
configure:12084: result: yes
configure:12084: checking for malloc.h
configure:12084: result: yes
configure:12084: checking for stdlib.h
configure:12084: result: yes
configure:12084: checking for string.h
configure:12084: result: yes
configure:12084: checking for strings.h
configure:12084: result: yes
configure:12096: checking for an ANSI C-conforming const
configure:12162: arm-brcm-linux-uclibcgnueabi-gcc -c -Os -Wall -DLINUX26 -DCONFIG_BCMWL5 -DCONFIG_BCMWL6 -DCONFIG_BCMWL6A -DPART_JFFS2_GAP=0UL -pipe -fno-strict-aliasing -DBCMWPA2 -DBCMARM -marm  -DTCONFIG_NVRAM_64K -DLINUX_KERNEL_VERSION=132644  conftest.c >&5
configure:12162: $? = 0
configure:12169: result: yes
configure:12177: checking for size_t
configure:12177: arm-brcm-linux-uclibcgnueabi-gcc -c -Os -Wall -DLINUX26 -DCONFIG_BCMWL5 -DCONFIG_BCMWL6 -DCONFIG_BCMWL6A -DPART_JFFS2_GAP=0UL -pipe -fno-strict-aliasing -DBCMWPA2 -DBCMARM -marm  -DTCONFIG_NVRAM_64K -DLINUX_KERNEL_VERSION=132644  conftest.c >&5
configure:12177: $? = 0
configure:12177: arm-brcm-linux-uclibcgnueabi-gcc -c -Os -Wall -DLINUX26 -DCONFIG_BCMWL5 -DCONFIG_BCMWL6 -DCONFIG_BCMWL6A -DPART_JFFS2_GAP=0UL -pipe -fno-strict-aliasing -DBCMWPA2 -DBCMARM -marm  -DTCONFIG_NVRAM_64K -DLINUX_KERNEL_VERSION=132644  conftest.c >&5
conftest.c: In function 'main':
conftest.c:64:21: error: expected expression before ')' token
configure:12177: $? = 1
configure: failed program was:
| /* confdefs.h */
| #define PACKAGE_NAME "libpng"
| #define PACKAGE_TARNAME "libpng"
| #define PACKAGE_VERSION "1.2.51"
| #define PACKAGE_STRING "libpng 1.2.51"
| #define PACKAGE_BUGREPORT "png-mng-implement@lists.sourceforge.net"
| #define PACKAGE_URL ""
| #define PACKAGE "libpng"
| #define VERSION "1.2.51"
| #define STDC_HEADERS 1
| #define HAVE_SYS_TYPES_H 1
| #define HAVE_SYS_STAT_H 1
| #define HAVE_STDLIB_H 1
| #define HAVE_STRING_H 1
| #define HAVE_MEMORY_H 1
| #define HAVE_STRINGS_H 1
| #define HAVE_INTTYPES_H 1
| #define HAVE_STDINT_H 1
| #define HAVE_UNISTD_H 1
| #define HAVE_DLFCN_H 1
| #define LT_OBJDIR ".libs/"
| #define STDC_HEADERS 1
| #define HAVE_MALLOC_H 1
| #define HAVE_STDLIB_H 1
| #define HAVE_STRING_H 1
| #define HAVE_STRINGS_H 1
| /* end confdefs.h.  */
| #include <stdio.h>
| #ifdef HAVE_SYS_TYPES_H
| # include <sys/types.h>
| #endif
| #ifdef HAVE_SYS_STAT_H
| # include <sys/stat.h>
| #endif
| #ifdef STDC_HEADERS
| # include <stdlib.h>
| # include <stddef.h>
| #else
| # ifdef HAVE_STDLIB_H
| #  include <stdlib.h>
| # endif
| #endif
| #ifdef HAVE_STRING_H
| # if !defined STDC_HEADERS && defined HAVE_MEMORY_H
| #  include <memory.h>
| # endif
| # include <string.h>
| #endif
| #ifdef HAVE_STRINGS_H
| # include <strings.h>
| #endif
| #ifdef HAVE_INTTYPES_H
| # include <inttypes.h>
| #endif
| #ifdef HAVE_STDINT_H
| # include <stdint.h>
| #endif
| #ifdef HAVE_UNISTD_H
| # include <unistd.h>
| #endif
| int
| main ()
| {
| if (sizeof ((size_t)))
| 	    return 0;
|   ;
|   return 0;
| }
configure:12177: result: yes
configure:12188: checking whether struct tm is in sys/time.h or time.h
configure:12208: arm-brcm-linux-uclibcgnueabi-gcc -c -Os -Wall -DLINUX26 -DCONFIG_BCMWL5 -DCONFIG_BCMWL6 -DCONFIG_BCMWL6A -DPART_JFFS2_GAP=0UL -pipe -fno-strict-aliasing -DBCMWPA2 -DBCMARM -marm  -DTCONFIG_NVRAM_64K -DLINUX_KERNEL_VERSION=132644  conftest.c >&5
configure:12208: $? = 0
configure:12215: result: time.h
configure:12225: checking for working strtod
configure:12276: result: no
configure:12285: checking for pow
configure:12285: arm-brcm-linux-uclibcgnueabi-gcc -o conftest -Os -Wall -DLINUX26 -DCONFIG_BCMWL5 -DCONFIG_BCMWL6 -DCONFIG_BCMWL6A -DPART_JFFS2_GAP=0UL -pipe -fno-strict-aliasing -DBCMWPA2 -DBCMARM -marm  -DTCONFIG_NVRAM_64K -DLINUX_KERNEL_VERSION=132644   conftest.c  >&5
conftest.c:51:6: warning: conflicting types for built-in function 'pow'
/tmp/ccYI0wCn.o: In function `main':
conftest.c:(.text+0x4): undefined reference to `pow'
collect2: ld returned 1 exit status
configure:12285: $? = 1
configure: failed program was:
| /* confdefs.h */
| #define PACKAGE_NAME "libpng"
| #define PACKAGE_TARNAME "libpng"
| #define PACKAGE_VERSION "1.2.51"
| #define PACKAGE_STRING "libpng 1.2.51"
| #define PACKAGE_BUGREPORT "png-mng-implement@lists.sourceforge.net"
| #define PACKAGE_URL ""
| #define PACKAGE "libpng"
| #define VERSION "1.2.51"
| #define STDC_HEADERS 1
| #define HAVE_SYS_TYPES_H 1
| #define HAVE_SYS_STAT_H 1
| #define HAVE_STDLIB_H 1
| #define HAVE_STRING_H 1
| #define HAVE_MEMORY_H 1
| #define HAVE_STRINGS_H 1
| #define HAVE_INTTYPES_H 1
| #define HAVE_STDINT_H 1
| #define HAVE_UNISTD_H 1
| #define HAVE_DLFCN_H 1
| #define LT_OBJDIR ".libs/"
| #define STDC_HEADERS 1
| #define HAVE_MALLOC_H 1
| #define HAVE_STDLIB_H 1
| #define HAVE_STRING_H 1
| #define HAVE_STRINGS_H 1
| /* end confdefs.h.  */
| /* Define pow to an innocuous variant, in case <limits.h> declares pow.
|    For example, HP-UX 11i <limits.h> declares gettimeofday.  */
| #define pow innocuous_pow
| 
| /* System header to define __stub macros and hopefully few prototypes,
|     which can conflict with char pow (); below.
|     Prefer <limits.h> to <assert.h> if __STDC__ is defined, since
|     <limits.h> exists even on freestanding compilers.  */
| 
| #ifdef __STDC__
| # include <limits.h>
| #else
| # include <assert.h>
| #endif
| 
| #undef pow
| 
| /* Override any GCC internal prototype to avoid an error.
|    Use char because int might match the return type of a GCC
|    builtin and then its argument prototype would still apply.  */
| #ifdef __cplusplus
| extern "C"
| #endif
| char pow ();
| /* The GNU C library defines this for functions which it implements
|     to always fail with ENOSYS.  Some functions are actually named
|     something starting with __ and the normal name is an alias.  */
| #if defined __stub_pow || defined __stub___pow
| choke me
| #endif
| 
| int
| main ()
| {
| return pow ();
|   ;
|   return 0;
| }
configure:12285: result: no
configure:12291: checking for pow in -lm
configure:12316: arm-brcm-linux-uclibcgnueabi-gcc -o conftest -Os -Wall -DLINUX26 -DCONFIG_BCMWL5 -DCONFIG_BCMWL6 -DCONFIG_BCMWL6A -DPART_JFFS2_GAP=0UL -pipe -fno-strict-aliasing -DBCMWPA2 -DBCMARM -marm  -DTCONFIG_NVRAM_64K -DLINUX_KERNEL_VERSION=132644   conftest.c -lm   >&5
conftest.c:35:6: warning: conflicting types for built-in function 'pow'
configure:12316: $? = 0
configure:12325: result: yes
configure:12340: checking for memset
configure:12340: arm-brcm-linux-uclibcgnueabi-gcc -o conftest -Os -Wall -DLINUX26 -DCONFIG_BCMWL5 -DCONFIG_BCMWL6 -DCONFIG_BCMWL6A -DPART_JFFS2_GAP=0UL -pipe -fno-strict-aliasing -DBCMWPA2 -DBCMARM -marm  -DTCONFIG_NVRAM_64K -DLINUX_KERNEL_VERSION=132644   conftest.c  >&5
conftest.c:51:6: warning: conflicting types for built-in function 'memset'
configure:12340: $? = 0
configure:12340: result: yes
configure:12353: checking for pow
configure:12353: result: no
configure:12360: checking for pow in -lm
configure:12394: result: yes
configure:12410: checking for zlibVersion in -lz
configure:12435: arm-brcm-linux-uclibcgnueabi-gcc -o conftest -Os -Wall -DLINUX26 -DCONFIG_BCMWL5 -DCONFIG_BCMWL6 -DCONFIG_BCMWL6A -DPART_JFFS2_GAP=0UL -pipe -fno-strict-aliasing -DBCMWPA2 -DBCMARM -marm  -DTCONFIG_NVRAM_64K -DLINUX_KERNEL_VERSION=132644   conftest.c -lz  -lm  >&5
configure:12435: $? = 0
configure:12444: result: yes
configure:12464: checking if assembler code in pnggccrd.c can be compiled without PNG_NO_MMX_CODE
configure:12477: arm-brcm-linux-uclibcgnueabi-gcc -c -Os -Wall -DLINUX26 -DCONFIG_BCMWL5 -DCONFIG_BCMWL6 -DCONFIG_BCMWL6A -DPART_JFFS2_GAP=0UL -pipe -fno-strict-aliasing -DBCMWPA2 -DBCMARM -marm  -DTCONFIG_NVRAM_64K -DLINUX_KERNEL_VERSION=132644  conftest.c >&5
configure:12477: $? = 0
configure:12478: result: yes
configure:12491: checking if libraries can be versioned
configure:12496: result: yes
configure:12515: checking for symbol prefix
configure:12522: result: 
configure:12544: pkgconfig directory is ${libdir}/pkgconfig
configure:12697: checking that generated files are newer than configure
configure:12703: result: done
configure:12734: creating ./config.status

## ---------------------- ##
## Running config.status. ##
## ---------------------- ##

This file was extended by libpng config.status 1.2.51, which was
generated by GNU Autoconf 2.69.  Invocation command line was

  CONFIG_FILES    = 
  CONFIG_HEADERS  = 
  CONFIG_LINKS    = 
  CONFIG_COMMANDS = 
  $ ./config.status 

on ubuntu

config.status:1109: creating Makefile
config.status:1109: creating libpng.pc
config.status:1109: creating libpng-config
config.status:1109: creating config.h
config.status:1338: executing depfiles commands
config.status:1338: executing libtool commands

## ---------------- ##
## Cache variables. ##
## ---------------- ##

ac_cv_build=x86_64-pc-linux-gnu
ac_cv_c_compiler_gnu=yes
ac_cv_c_const=yes
ac_cv_env_CC_set=set
ac_cv_env_CC_value=arm-brcm-linux-uclibcgnueabi-gcc
ac_cv_env_CFLAGS_set=set
ac_cv_env_CFLAGS_value='-Os -Wall -DLINUX26 -DCONFIG_BCMWL5 -DCONFIG_BCMWL6 -DCONFIG_BCMWL6A -DPART_JFFS2_GAP=0UL -pipe -fno-strict-aliasing -DBCMWPA2 -DBCMARM -marm  -DTCONFIG_NVRAM_64K -DLINUX_KERNEL_VERSION=132644'
ac_cv_env_CPPFLAGS_set=
ac_cv_env_CPPFLAGS_value=
ac_cv_env_CPP_set=
ac_cv_env_CPP_value=
ac_cv_env_LDFLAGS_set=
ac_cv_env_LDFLAGS_value=
ac_cv_env_LIBS_set=
ac_cv_env_LIBS_value=
ac_cv_env_build_alias_set=set
ac_cv_env_build_alias_value=x86_64-linux-gnu
ac_cv_env_host_alias_set=set
ac_cv_env_host_alias_value=arm-linux
ac_cv_env_target_alias_set=
ac_cv_env_target_alias_value=
ac_cv_func_malloc_0_nonnull=yes
ac_cv_func_memset=yes
ac_cv_func_pow=no
ac_cv_func_strtod=no
ac_cv_header_dlfcn_h=yes
ac_cv_header_inttypes_h=yes
ac_cv_header_malloc_h=yes
ac_cv_header_memory_h=yes
ac_cv_header_stdc=yes
ac_cv_header_stdint_h=yes
ac_cv_header_stdlib_h=yes
ac_cv_header_string_h=yes
ac_cv_header_strings_h=yes
ac_cv_header_sys_stat_h=yes
ac_cv_header_sys_types_h=yes
ac_cv_header_unistd_h=yes
ac_cv_host=arm-unknown-linux-gnu
ac_cv_lib_m_pow=yes
ac_cv_lib_z_zlibVersion=yes
ac_cv_objext=o
ac_cv_path_EGREP='/bin/grep -E'
ac_cv_path_FGREP='/bin/grep -F'
ac_cv_path_GREP=/bin/grep
ac_cv_path_SED=/bin/sed
ac_cv_path_install='/usr/bin/install -c'
ac_cv_path_mkdir=/bin/mkdir
ac_cv_prog_AR=arm-brcm-linux-uclibcgnueabi-ar
ac_cv_prog_AWK=gawk
ac_cv_prog_CC=arm-brcm-linux-uclibcgnueabi-gcc
ac_cv_prog_CPP='arm-brcm-linux-uclibcgnueabi-gcc -E'
ac_cv_prog_DLLTOOL=dlltool
ac_cv_prog_OBJDUMP=objdump
ac_cv_prog_RANLIB=arm-brcm-linux-uclibcgnueabi-ranlib
ac_cv_prog_SED=/bin/sed
ac_cv_prog_STRIP=arm-brcm-linux-uclibcgnueabi-strip
ac_cv_prog_ac_ct_MANIFEST_TOOL=mt
ac_cv_prog_cc_c89=
ac_cv_prog_cc_g=yes
ac_cv_prog_make_make_set=yes
ac_cv_struct_tm=time.h
ac_cv_type_size_t=yes
am_cv_CC_dependencies_compiler_type=gcc3
am_cv_make_support_nested_variables=yes
am_cv_prog_cc_c_o=yes
lt_cv_ar_at_file=@
lt_cv_archive_cmds_need_lc=no
lt_cv_deplibs_check_method=pass_all
lt_cv_file_magic_cmd='$MAGIC_CMD'
lt_cv_file_magic_test_file=
lt_cv_ld_reload_flag=-r
lt_cv_nm_interface='BSD nm'
lt_cv_objdir=.libs
lt_cv_path_LD=arm-brcm-linux-uclibcgnueabi-ld
lt_cv_path_NM=arm-brcm-linux-uclibcgnueabi-nm
lt_cv_path_mainfest_tool=no
lt_cv_prog_compiler_c_o=yes
lt_cv_prog_compiler_pic='-fPIC -DPIC'
lt_cv_prog_compiler_pic_works=yes
lt_cv_prog_compiler_rtti_exceptions=no
lt_cv_prog_compiler_static_works=yes
lt_cv_prog_gnu_ld=yes
lt_cv_sharedlib_from_linklib_cmd='printf %s\n'
lt_cv_shlibpath_overrides_runpath=no
lt_cv_sys_global_symbol_pipe='sed -n -e '\''s/^.*[	 ]\([ABCDGIRSTW][ABCDGIRSTW]*\)[	 ][	 ]*\([_A-Za-z][_A-Za-z0-9]*\)$/\1 \2 \2/p'\'' | sed '\''/ __gnu_lto/d'\'''
lt_cv_sys_global_symbol_to_c_name_address='sed -n -e '\''s/^: \([^ ]*\)[ ]*$/  {\"\1\", (void *) 0},/p'\'' -e '\''s/^[ABCDGIRSTW]* \([^ ]*\) \([^ ]*\)$/  {"\2", (void *) \&\2},/p'\'''
lt_cv_sys_global_symbol_to_c_name_address_lib_prefix='sed -n -e '\''s/^: \([^ ]*\)[ ]*$/  {\"\1\", (void *) 0},/p'\'' -e '\''s/^[ABCDGIRSTW]* \([^ ]*\) \(lib[^ ]*\)$/  {"\2", (void *) \&\2},/p'\'' -e '\''s/^[ABCDGIRSTW]* \([^ ]*\) \([^ ]*\)$/  {"lib\2", (void *) \&\2},/p'\'''
lt_cv_sys_global_symbol_to_cdecl='sed -n -e '\''s/^T .* \(.*\)$/extern int \1();/p'\'' -e '\''s/^[ABCDGIRSTW]* .* \(.*\)$/extern char \1;/p'\'''
lt_cv_sys_max_cmd_len=1572864
lt_cv_to_host_file_cmd=func_convert_file_noop
lt_cv_to_tool_file_cmd=func_convert_file_noop

## ----------------- ##
## Output variables. ##
## ----------------- ##

ACLOCAL='${SHELL} /home/chengliye/advancedtomato-arm/release/src-rt-6.x.4708/router/libpng/missing aclocal-1.14'
AMDEPBACKSLASH='\'
AMDEP_FALSE='#'
AMDEP_TRUE=''
AMTAR='$${TAR-tar}'
AM_BACKSLASH='\'
AM_DEFAULT_V='$(AM_DEFAULT_VERBOSITY)'
AM_DEFAULT_VERBOSITY='1'
AM_V='$(V)'
AR='arm-brcm-linux-uclibcgnueabi-ar'
AS='arm-brcm-linux-uclibcgnueabi-as'
AUTOCONF='${SHELL} /home/chengliye/advancedtomato-arm/release/src-rt-6.x.4708/router/libpng/missing autoconf'
AUTOHEADER='${SHELL} /home/chengliye/advancedtomato-arm/release/src-rt-6.x.4708/router/libpng/missing autoheader'
AUTOMAKE='${SHELL} /home/chengliye/advancedtomato-arm/release/src-rt-6.x.4708/router/libpng/missing automake-1.14'
AWK='gawk'
CC='arm-brcm-linux-uclibcgnueabi-gcc'
CCDEPMODE='depmode=gcc3'
CFLAGS='-Os -Wall -DLINUX26 -DCONFIG_BCMWL5 -DCONFIG_BCMWL6 -DCONFIG_BCMWL6A -DPART_JFFS2_GAP=0UL -pipe -fno-strict-aliasing -DBCMWPA2 -DBCMARM -marm  -DTCONFIG_NVRAM_64K -DLINUX_KERNEL_VERSION=132644'
CPP='arm-brcm-linux-uclibcgnueabi-gcc -E'
CPPFLAGS=''
CYGPATH_W='echo'
DEFS='-DHAVE_CONFIG_H'
DEPDIR='.deps'
DLLTOOL='dlltool'
DSYMUTIL=''
DUMPBIN=''
ECHO_C=''
ECHO_N='-n'
ECHO_T=''
EGREP='/bin/grep -E'
EXEEXT=''
FGREP='/bin/grep -F'
GREP='/bin/grep'
HAVE_LD_VERSION_SCRIPT_FALSE='#'
HAVE_LD_VERSION_SCRIPT_TRUE=''
INSTALL_DATA='${INSTALL} -m 644'
INSTALL_PROGRAM='${INSTALL}'
INSTALL_SCRIPT='${INSTALL}'
INSTALL_STRIP_PROGRAM='$(install_sh) -c -s'
LD='arm-brcm-linux-uclibcgnueabi-ld'
LDFLAGS=''
LIBOBJS=' ${LIBOBJDIR}strtod$U.o'
LIBPNG_DEFINES='-DPNG_CONFIGURE_LIBPNG '
LIBPNG_NO_MMX=''
LIBS='-lz -lm '
LIBTOOL='$(SHELL) $(top_builddir)/libtool'
LIPO=''
LN_S='ln -s'
LTLIBOBJS=' ${LIBOBJDIR}strtod$U.lo'
MAINT='#'
MAINTAINER_MODE_FALSE=''
MAINTAINER_MODE_TRUE='#'
MAKEINFO='${SHELL} /home/chengliye/advancedtomato-arm/release/src-rt-6.x.4708/router/libpng/missing makeinfo'
MANIFEST_TOOL=':'
MKDIR_P='/bin/mkdir -p'
NM='arm-brcm-linux-uclibcgnueabi-nm'
NMEDIT=''
OBJDUMP='objdump'
OBJEXT='o'
OTOOL64=''
OTOOL=''
PACKAGE='libpng'
PACKAGE_BUGREPORT='png-mng-implement@lists.sourceforge.net'
PACKAGE_NAME='libpng'
PACKAGE_STRING='libpng 1.2.51'
PACKAGE_TARNAME='libpng'
PACKAGE_URL=''
PACKAGE_VERSION='1.2.51'
PATH_SEPARATOR=':'
PNGLIB_MAJOR='1'
PNGLIB_MINOR='2'
PNGLIB_RELEASE='51'
PNGLIB_VERSION='1.2.51'
POW_LIB='-lm'
RANLIB='arm-brcm-linux-uclibcgnueabi-ranlib'
SED='/bin/sed'
SET_MAKE=''
SHELL='/bin/bash'
STRIP='arm-brcm-linux-uclibcgnueabi-strip'
SYMBOL_PREFIX=''
VERSION='1.2.51'
ac_ct_AR=''
ac_ct_CC=''
ac_ct_DUMPBIN=''
am__EXEEXT_FALSE=''
am__EXEEXT_TRUE='#'
am__fastdepCC_FALSE='#'
am__fastdepCC_TRUE=''
am__include='include'
am__isrc=''
am__leading_dot='.'
am__nodep='_no'
am__quote=''
am__tar='$${TAR-tar} chof - "$$tardir"'
am__untar='$${TAR-tar} xf -'
binconfigs='${binconfigs}'
bindir='${exec_prefix}/bin'
build='x86_64-pc-linux-gnu'
build_alias='x86_64-linux-gnu'
build_cpu='x86_64'
build_os='linux-gnu'
build_vendor='pc'
compatlib='libpng.la'
datadir='${datarootdir}'
datarootdir='${prefix}/share'
docdir='${datarootdir}/doc/${PACKAGE_TARNAME}'
dvidir='${docdir}'
exec_prefix='${prefix}'
host='arm-unknown-linux-gnu'
host_alias='arm-linux'
host_cpu='arm'
host_os='linux-gnu'
host_vendor='unknown'
htmldir='${docdir}'
includedir='${prefix}/include'
infodir='${datarootdir}/info'
install_sh='${SHELL} /home/chengliye/advancedtomato-arm/release/src-rt-6.x.4708/router/libpng/install-sh'
libdir='${exec_prefix}/lib'
libexecdir='${exec_prefix}/libexec'
localedir='${datarootdir}/locale'
localstatedir='${prefix}/var'
mandir='${datarootdir}/man'
mkdir_p='$(MKDIR_P)'
oldincludedir='/usr/include'
pdfdir='${docdir}'
pkgconfigdir='${libdir}/pkgconfig'
prefix='/usr'
program_transform_name='s,x,x,'
psdir='${docdir}'
sbindir='${exec_prefix}/sbin'
sharedstatedir='${prefix}/com'
sysconfdir='${prefix}/etc'
target_alias=''

## ----------- ##
## confdefs.h. ##
## ----------- ##

/* confdefs.h */
#define PACKAGE_NAME "libpng"
#define PACKAGE_TARNAME "libpng"
#define PACKAGE_VERSION "1.2.51"
#define PACKAGE_STRING "libpng 1.2.51"
#define PACKAGE_BUGREPORT "png-mng-implement@lists.sourceforge.net"
#define PACKAGE_URL ""
#define PACKAGE "libpng"
#define VERSION "1.2.51"
#define STDC_HEADERS 1
#define HAVE_SYS_TYPES_H 1
#define HAVE_SYS_STAT_H 1
#define HAVE_STDLIB_H 1
#define HAVE_STRING_H 1
#define HAVE_MEMORY_H 1
#define HAVE_STRINGS_H 1
#define HAVE_INTTYPES_H 1
#define HAVE_STDINT_H 1
#define HAVE_UNISTD_H 1
#define HAVE_DLFCN_H 1
#define LT_OBJDIR ".libs/"
#define STDC_HEADERS 1
#define HAVE_MALLOC_H 1
#define HAVE_STDLIB_H 1
#define HAVE_STRING_H 1
#define HAVE_STRINGS_H 1
#define HAVE_MEMSET 1
#define HAVE_LIBM 1
#define HAVE_LIBZ 1

configure: exit 0
