This file contains any messages produced by compilers while
running configure, to aid debugging if configure makes a mistake.

It was created by nettle configure 3.3, which was
generated by GNU Autoconf 2.69.  Invocation command line was

  $ ./configure --host=arm-linux --build=x86_64-linux-gnu prefix=/home/chengliye/advancedtomato-arm/release/src-rt-6.x.4708/router/nettle --disable-documentation

## --------- ##
## Platform. ##
## --------- ##

hostname = ubuntu
uname -m = x86_64
uname -r = 4.4.0-87-generic
uname -s = Linux
uname -v = #110-Ubuntu SMP Tue Jul 18 12:55:35 UTC 2017

/usr/bin/uname -p = unknown
/bin/uname -X     = unknown

/bin/arch              = unknown
/usr/bin/arch -k       = unknown
/usr/convex/getsysinfo = unknown
/usr/bin/hostinfo      = unknown
/bin/machine           = unknown
/usr/bin/oslevel       = unknown
/bin/universe          = unknown

PATH: /home/chengliye/advancedtomato-arm/release/tools
PATH: /home/chengliye/advancedtomato-arm/release/tools
PATH: /home/chengliye/advancedtomato-arm/release/tools
PATH: /home/chengliye/advancedtomato-arm/release/tools
PATH: /home/chengliye/bin
PATH: /usr/sbin/
PATH: /usr/local/bin
PATH: /sbin/
PATH: /usr/local/sbin
PATH: /usr/local/bin
PATH: /usr/sbin
PATH: /usr/bin
PATH: /sbin
PATH: /bin
PATH: /usr/games
PATH: /usr/local/games
PATH: /home/chengliye/advancedtomato-arm/release/src-rt-6.x.4708/toolchains/hndtools-arm-linux-2.6.36-uclibc-4.5.3/bin


## ----------- ##
## Core tests. ##
## ----------- ##

configure:2505: checking build system type
configure:2519: result: x86_64-pc-linux-gnu
configure:2539: checking host system type
configure:2552: result: arm-unknown-linux-gnu
configure:2706: checking for -R flag
configure:2728: result: using -Wl,-rpath,
configure:2735: result: Searching for libraries
configure:2742: checking /home/chengliye/advancedtomato-arm/release/src-rt-6.x.4708/router/nettle/lib
configure:2769: result: not found
configure:2742: checking /usr/local/lib
configure:2760: result: added
configure:2742: checking /sw/local/lib
configure:2769: result: not found
configure:2742: checking /sw/lib
configure:2769: result: not found
configure:2742: checking /usr/gnu/lib
configure:2769: result: not found
configure:2742: checking /opt/gnu/lib
configure:2769: result: not found
configure:2742: checking /sw/gnu/lib
configure:2769: result: not found
configure:2742: checking /usr/freeware/lib
configure:2769: result: not found
configure:2742: checking /usr/pkg/lib
configure:2769: result: not found
configure:2785: checking for arm-linux-gcc
configure:2812: result: arm-brcm-linux-uclibcgnueabi-gcc
configure:3081: checking for C compiler version
configure:3090: arm-brcm-linux-uclibcgnueabi-gcc --version >&5
arm-brcm-linux-uclibcgnueabi-gcc (Buildroot 2012.02) 4.5.3
Copyright (C) 2010 Free Software Foundation, Inc.
This is free software; see the source for copying conditions.  There is NO
warranty; not even for MERCHANTABILITY or FITNESS FOR A PARTICULAR PURPOSE.

configure:3101: $? = 0
configure:3090: arm-brcm-linux-uclibcgnueabi-gcc -v >&5
Using built-in specs.
COLLECT_GCC=arm-brcm-linux-uclibcgnueabi-gcc
COLLECT_LTO_WRAPPER=/home/chengliye/advancedtomato-arm/release/src-rt-6.x.4708/toolchains/hndtools-arm-linux-2.6.36-uclibc-4.5.3/bin/../libexec/gcc/arm-brcm-linux-uclibcgnueabi/4.5.3/lto-wrapper
Target: arm-brcm-linux-uclibcgnueabi
Configured with: /projects/toolchains_build/buildroot-2012.02-brcm/output/toolchain/gcc-4.5.3/configure --prefix=/projects/hnd/tools/linux/hndtools-arm-linux-2.6.36-uclibc-4.5.3 --build=i686-pc-linux-gnu --host=i686-pc-linux-gnu --target=arm-brcm-linux-uclibcgnueabi --enable-languages=c,c++ --with-sysroot=/projects/hnd/tools/linux/hndtools-arm-linux-2.6.36-uclibc-4.5.3/arm-brcm-linux-uclibcgnueabi/sysroot --with-build-time-tools=/projects/hnd/tools/linux/hndtools-arm-linux-2.6.36-uclibc-4.5.3/arm-brcm-linux-uclibcgnueabi/bin --disable-__cxa_atexit --enable-target-optspace --disable-libgomp --with-gnu-ld --disable-libssp --disable-multilib --disable-tls --enable-shared --with-gmp=/projects/hnd/tools/linux/hndtools-arm-linux-2.6.36-uclibc-4.5.3 --with-mpfr=/projects/hnd/tools/linux/hndtools-arm-linux-2.6.36-uclibc-4.5.3 --with-mpc=/projects/hnd/tools/linux/hndtools-arm-linux-2.6.36-uclibc-4.5.3 --enable-threads --disable-decimal-float --with-float=soft --with-abi=aapcs-linux --with-arch=armv7-a --with-tune=cortex-a9 --with-pkgversion='Buildroot 2012.02' --with-bugurl=http://bugs.buildroot.net/
Thread model: posix
gcc version 4.5.3 (Buildroot 2012.02) 
configure:3101: $? = 0
configure:3090: arm-brcm-linux-uclibcgnueabi-gcc -V >&5
arm-brcm-linux-uclibcgnueabi-gcc: '-V' option must have argument
configure:3101: $? = 1
configure:3090: arm-brcm-linux-uclibcgnueabi-gcc -qversion >&5
arm-brcm-linux-uclibcgnueabi-gcc: unrecognized option '-qversion'
arm-brcm-linux-uclibcgnueabi-gcc: no input files
configure:3101: $? = 1
configure:3121: checking whether the C compiler works
configure:3143: arm-brcm-linux-uclibcgnueabi-gcc -O2 -Wall -DLINUX26 -DCONFIG_BCMWL5 -DCONFIG_BCMWL6 -DCONFIG_BCMWL6A -DPART_JFFS2_GAP=0UL -pipe -fno-strict-aliasing -DBCMWPA2 -DBCMARM -marm  -DTCONFIG_NVRAM_64K -DLINUX_KERNEL_VERSION=132644 -fPIC -ffunction-sections -fdata-sections -I/home/chengliye/advancedtomato-arm/release/src-rt-6.x.4708/router/gmp -L/home/chengliye/advancedtomato-arm/release/src-rt-6.x.4708/router/gmp/.libs -ffunction-sections -fdata-sections -Wl,--gc-sections -fPIC conftest.c  >&5
configure:3147: $? = 0
configure:3195: result: yes
configure:3198: checking for C compiler default output file name
configure:3200: result: a.out
configure:3206: checking for suffix of executables
configure:3213: arm-brcm-linux-uclibcgnueabi-gcc -o conftest -O2 -Wall -DLINUX26 -DCONFIG_BCMWL5 -DCONFIG_BCMWL6 -DCONFIG_BCMWL6A -DPART_JFFS2_GAP=0UL -pipe -fno-strict-aliasing -DBCMWPA2 -DBCMARM -marm  -DTCONFIG_NVRAM_64K -DLINUX_KERNEL_VERSION=132644 -fPIC -ffunction-sections -fdata-sections -I/home/chengliye/advancedtomato-arm/release/src-rt-6.x.4708/router/gmp -L/home/chengliye/advancedtomato-arm/release/src-rt-6.x.4708/router/gmp/.libs -ffunction-sections -fdata-sections -Wl,--gc-sections -fPIC conftest.c  >&5
configure:3217: $? = 0
configure:3239: result: 
configure:3261: checking whether we are cross compiling
configure:3299: result: yes
configure:3304: checking for suffix of object files
configure:3326: arm-brcm-linux-uclibcgnueabi-gcc -c -O2 -Wall -DLINUX26 -DCONFIG_BCMWL5 -DCONFIG_BCMWL6 -DCONFIG_BCMWL6A -DPART_JFFS2_GAP=0UL -pipe -fno-strict-aliasing -DBCMWPA2 -DBCMARM -marm  -DTCONFIG_NVRAM_64K -DLINUX_KERNEL_VERSION=132644 -fPIC -ffunction-sections -fdata-sections -I/home/chengliye/advancedtomato-arm/release/src-rt-6.x.4708/router/gmp conftest.c >&5
configure:3330: $? = 0
configure:3351: result: o
configure:3355: checking whether we are using the GNU C compiler
configure:3374: arm-brcm-linux-uclibcgnueabi-gcc -c -O2 -Wall -DLINUX26 -DCONFIG_BCMWL5 -DCONFIG_BCMWL6 -DCONFIG_BCMWL6A -DPART_JFFS2_GAP=0UL -pipe -fno-strict-aliasing -DBCMWPA2 -DBCMARM -marm  -DTCONFIG_NVRAM_64K -DLINUX_KERNEL_VERSION=132644 -fPIC -ffunction-sections -fdata-sections -I/home/chengliye/advancedtomato-arm/release/src-rt-6.x.4708/router/gmp conftest.c >&5
configure:3374: $? = 0
configure:3383: result: yes
configure:3392: checking whether arm-brcm-linux-uclibcgnueabi-gcc accepts -g
configure:3412: arm-brcm-linux-uclibcgnueabi-gcc -c -g -I/home/chengliye/advancedtomato-arm/release/src-rt-6.x.4708/router/gmp conftest.c >&5
configure:3412: $? = 0
configure:3453: result: yes
configure:3470: checking for arm-brcm-linux-uclibcgnueabi-gcc option to accept ISO C89
configure:3533: arm-brcm-linux-uclibcgnueabi-gcc  -c -O2 -Wall -DLINUX26 -DCONFIG_BCMWL5 -DCONFIG_BCMWL6 -DCONFIG_BCMWL6A -DPART_JFFS2_GAP=0UL -pipe -fno-strict-aliasing -DBCMWPA2 -DBCMARM -marm  -DTCONFIG_NVRAM_64K -DLINUX_KERNEL_VERSION=132644 -fPIC -ffunction-sections -fdata-sections -I/home/chengliye/advancedtomato-arm/release/src-rt-6.x.4708/router/gmp conftest.c >&5
configure:3533: $? = 0
configure:3546: result: none needed
configure:3568: checking for ifunc support
configure:3650: arm-brcm-linux-uclibcgnueabi-gcc -o conftest -O2 -Wall -DLINUX26 -DCONFIG_BCMWL5 -DCONFIG_BCMWL6 -DCONFIG_BCMWL6A -DPART_JFFS2_GAP=0UL -pipe -fno-strict-aliasing -DBCMWPA2 -DBCMARM -marm  -DTCONFIG_NVRAM_64K -DLINUX_KERNEL_VERSION=132644 -fPIC -ffunction-sections -fdata-sections -I/home/chengliye/advancedtomato-arm/release/src-rt-6.x.4708/router/gmp -L/home/chengliye/advancedtomato-arm/release/src-rt-6.x.4708/router/gmp/.libs -ffunction-sections -fdata-sections -Wl,--gc-sections -fPIC conftest.c  >&5
conftest.c:24:1: warning: 'ifunc' attribute directive ignored
conftest.c:19:1: warning: 'foo_resolv' defined but not used
/tmp/ccnkITU6.o: In function `main':
conftest.c:(.text.main+0x4): undefined reference to `foo'
collect2: ld returned 1 exit status
configure:3650: $? = 1
configure: failed program was:
| /* confdefs.h */
| #define PACKAGE_NAME "nettle"
| #define PACKAGE_TARNAME "nettle"
| #define PACKAGE_VERSION "3.3"
| #define PACKAGE_STRING "nettle 3.3"
| #define PACKAGE_BUGREPORT "nettle-bugs@lists.lysator.liu.se"
| #define PACKAGE_URL ""
| /* end confdefs.h.  */
| 
| static int
| foo_imp(int x)
| {
|   return 1;
| }
| 
| typedef void void_func (void);
| 
| static void_func *
| foo_resolv(void)
| {
|   return (void_func *) foo_imp;
| }
| 
| int foo (int x) __attribute__ ((ifunc("foo_resolv")));
| 
| int
| main ()
| {
| 
|   return foo(0);
| 
| 
|   ;
|   return 0;
| }
configure:3658: result: no
configure:3698: checking for arm-linux-g++
configure:3714: found /home/chengliye/advancedtomato-arm/release/src-rt-6.x.4708/toolchains/hndtools-arm-linux-2.6.36-uclibc-4.5.3/bin/arm-linux-g++
configure:3725: result: arm-linux-g++
configure:3796: checking for C++ compiler version
configure:3805: arm-linux-g++ --version >&5
arm-linux-g++ (Buildroot 2012.02) 4.5.3
Copyright (C) 2010 Free Software Foundation, Inc.
This is free software; see the source for copying conditions.  There is NO
warranty; not even for MERCHANTABILITY or FITNESS FOR A PARTICULAR PURPOSE.

configure:3816: $? = 0
configure:3805: arm-linux-g++ -v >&5
Using built-in specs.
COLLECT_GCC=arm-linux-g++
COLLECT_LTO_WRAPPER=/home/chengliye/advancedtomato-arm/release/src-rt-6.x.4708/toolchains/hndtools-arm-linux-2.6.36-uclibc-4.5.3/bin/../libexec/gcc/arm-brcm-linux-uclibcgnueabi/4.5.3/lto-wrapper
Target: arm-brcm-linux-uclibcgnueabi
Configured with: /projects/toolchains_build/buildroot-2012.02-brcm/output/toolchain/gcc-4.5.3/configure --prefix=/projects/hnd/tools/linux/hndtools-arm-linux-2.6.36-uclibc-4.5.3 --build=i686-pc-linux-gnu --host=i686-pc-linux-gnu --target=arm-brcm-linux-uclibcgnueabi --enable-languages=c,c++ --with-sysroot=/projects/hnd/tools/linux/hndtools-arm-linux-2.6.36-uclibc-4.5.3/arm-brcm-linux-uclibcgnueabi/sysroot --with-build-time-tools=/projects/hnd/tools/linux/hndtools-arm-linux-2.6.36-uclibc-4.5.3/arm-brcm-linux-uclibcgnueabi/bin --disable-__cxa_atexit --enable-target-optspace --disable-libgomp --with-gnu-ld --disable-libssp --disable-multilib --disable-tls --enable-shared --with-gmp=/projects/hnd/tools/linux/hndtools-arm-linux-2.6.36-uclibc-4.5.3 --with-mpfr=/projects/hnd/tools/linux/hndtools-arm-linux-2.6.36-uclibc-4.5.3 --with-mpc=/projects/hnd/tools/linux/hndtools-arm-linux-2.6.36-uclibc-4.5.3 --enable-threads --disable-decimal-float --with-float=soft --with-abi=aapcs-linux --with-arch=armv7-a --with-tune=cortex-a9 --with-pkgversion='Buildroot 2012.02' --with-bugurl=http://bugs.buildroot.net/
Thread model: posix
gcc version 4.5.3 (Buildroot 2012.02) 
configure:3816: $? = 0
configure:3805: arm-linux-g++ -V >&5
arm-linux-g++: '-V' option must have argument
configure:3816: $? = 1
configure:3805: arm-linux-g++ -qversion >&5
arm-linux-g++: unrecognized option '-qversion'
arm-linux-g++: no input files
configure:3816: $? = 1
configure:3820: checking whether we are using the GNU C++ compiler
configure:3839: arm-linux-g++ -c  -I/home/chengliye/advancedtomato-arm/release/src-rt-6.x.4708/router/gmp conftest.cpp >&5
configure:3839: $? = 0
configure:3848: result: yes
configure:3857: checking whether arm-linux-g++ accepts -g
configure:3877: arm-linux-g++ -c -g -I/home/chengliye/advancedtomato-arm/release/src-rt-6.x.4708/router/gmp conftest.cpp >&5
configure:3877: $? = 0
configure:3918: result: yes
configure:3960: arm-linux-g++ -c -g -O2 -I/home/chengliye/advancedtomato-arm/release/src-rt-6.x.4708/router/gmp conftest.cpp >&5
configure:3960: $? = 0
configure:3981: checking if LD -Wl,--version-script works
configure:3999: arm-brcm-linux-uclibcgnueabi-gcc -o conftest -O2 -Wall -DLINUX26 -DCONFIG_BCMWL5 -DCONFIG_BCMWL6 -DCONFIG_BCMWL6A -DPART_JFFS2_GAP=0UL -pipe -fno-strict-aliasing -DBCMWPA2 -DBCMARM -marm  -DTCONFIG_NVRAM_64K -DLINUX_KERNEL_VERSION=132644 -fPIC -ffunction-sections -fdata-sections -I/home/chengliye/advancedtomato-arm/release/src-rt-6.x.4708/router/gmp -L/home/chengliye/advancedtomato-arm/release/src-rt-6.x.4708/router/gmp/.libs -ffunction-sections -fdata-sections -Wl,--gc-sections -fPIC -Wl,--version-script=conftest.map conftest.c  >&5
/home/chengliye/advancedtomato-arm/release/src-rt-6.x.4708/toolchains/hndtools-arm-linux-2.6.36-uclibc-4.5.3/bin/../lib/gcc/arm-brcm-linux-uclibcgnueabi/4.5.3/../../../../arm-brcm-linux-uclibcgnueabi/bin/ld:conftest.map:2: syntax error in VERSION script
collect2: ld returned 1 exit status
configure:3999: $? = 1
configure: failed program was:
| /* confdefs.h */
| #define PACKAGE_NAME "nettle"
| #define PACKAGE_TARNAME "nettle"
| #define PACKAGE_VERSION "3.3"
| #define PACKAGE_STRING "nettle 3.3"
| #define PACKAGE_BUGREPORT "nettle-bugs@lists.lysator.liu.se"
| #define PACKAGE_URL ""
| /* end confdefs.h.  */
| 
| int
| main ()
| {
| 
|   ;
|   return 0;
| }
configure:4027: arm-brcm-linux-uclibcgnueabi-gcc -o conftest -O2 -Wall -DLINUX26 -DCONFIG_BCMWL5 -DCONFIG_BCMWL6 -DCONFIG_BCMWL6A -DPART_JFFS2_GAP=0UL -pipe -fno-strict-aliasing -DBCMWPA2 -DBCMARM -marm  -DTCONFIG_NVRAM_64K -DLINUX_KERNEL_VERSION=132644 -fPIC -ffunction-sections -fdata-sections -I/home/chengliye/advancedtomato-arm/release/src-rt-6.x.4708/router/gmp -L/home/chengliye/advancedtomato-arm/release/src-rt-6.x.4708/router/gmp/.libs -ffunction-sections -fdata-sections -Wl,--gc-sections -fPIC -Wl,--version-script=conftest.map conftest.c  >&5
configure:4027: $? = 0
configure:4039: result: yes
configure:4050: checking whether make sets $(MAKE)
configure:4072: result: yes
configure:4084: checking for arm-linux-ranlib
configure:4111: result: arm-brcm-linux-uclibcgnueabi-ranlib
configure:4176: checking for arm-linux-nm
configure:4203: result: arm-brcm-linux-uclibcgnueabi-nm
configure:4269: checking for arm-linux-objdump
configure:4299: result: no
configure:4309: checking for objdump
configure:4325: found /usr/bin/objdump
configure:4336: result: objdump
configure:4348: WARNING: using cross tools not prefixed with host triplet
configure:4361: checking for arm-linux-ar
configure:4388: result: arm-brcm-linux-uclibcgnueabi-ar
configure:4469: checking for a BSD-compatible install
configure:4537: result: /usr/bin/install -c
configure:4551: checking for a thread-safe mkdir -p
configure:4590: result: /bin/mkdir -p
configure:4594: checking whether ln -s works
configure:4598: result: yes
configure:4677: checking build system compiler gcc
configure:4690: gcc conftest.c
conftest.c: In function 'main':
conftest.c:4:3: warning: implicit declaration of function 'exit' [-Wimplicit-function-declaration]
   exit(0);
   ^
conftest.c:4:3: warning: incompatible implicit declaration of built-in function 'exit'
conftest.c:4:3: note: include '<stdlib.h>' or provide a declaration of 'exit'
configure:4693: $? = 0
configure:4700: result: yes
configure:4723: checking for build system executable suffix
configure:4740: gcc -O conftest.c -o conftest.exe
conftest.c: In function 'main':
conftest.c:4:3: warning: implicit declaration of function 'exit' [-Wimplicit-function-declaration]
   exit (0);
   ^
conftest.c:4:3: warning: incompatible implicit declaration of built-in function 'exit'
conftest.c:4:3: note: include '<stdlib.h>' or provide a declaration of 'exit'
configure:4743: $? = 0
./configure: line 4745: ./conftest: No such file or directory
configure:4740: gcc -O conftest.c -o conftest,ff8
conftest.c: In function 'main':
conftest.c:4:3: warning: implicit declaration of function 'exit' [-Wimplicit-function-declaration]
   exit (0);
   ^
conftest.c:4:3: warning: incompatible implicit declaration of built-in function 'exit'
conftest.c:4:3: note: include '<stdlib.h>' or provide a declaration of 'exit'
configure:4743: $? = 0
./configure: line 4745: ./conftest: No such file or directory
configure:4740: gcc -O conftest.c -o conftest
conftest.c: In function 'main':
conftest.c:4:3: warning: implicit declaration of function 'exit' [-Wimplicit-function-declaration]
   exit (0);
   ^
conftest.c:4:3: warning: incompatible implicit declaration of built-in function 'exit'
conftest.c:4:3: note: include '<stdlib.h>' or provide a declaration of 'exit'
configure:4743: $? = 0
configure:4758: result: 
configure:4819: checking for an ANSI C-conforming const
configure:4885: arm-brcm-linux-uclibcgnueabi-gcc -c -O2 -Wall -DLINUX26 -DCONFIG_BCMWL5 -DCONFIG_BCMWL6 -DCONFIG_BCMWL6A -DPART_JFFS2_GAP=0UL -pipe -fno-strict-aliasing -DBCMWPA2 -DBCMARM -marm  -DTCONFIG_NVRAM_64K -DLINUX_KERNEL_VERSION=132644 -fPIC -ffunction-sections -fdata-sections -I/home/chengliye/advancedtomato-arm/release/src-rt-6.x.4708/router/gmp conftest.c >&5
configure:4885: $? = 0
configure:4892: result: yes
configure:4900: checking for inline
configure:4916: arm-brcm-linux-uclibcgnueabi-gcc -c -O2 -Wall -DLINUX26 -DCONFIG_BCMWL5 -DCONFIG_BCMWL6 -DCONFIG_BCMWL6A -DPART_JFFS2_GAP=0UL -pipe -fno-strict-aliasing -DBCMWPA2 -DBCMARM -marm  -DTCONFIG_NVRAM_64K -DLINUX_KERNEL_VERSION=132644 -fPIC -ffunction-sections -fdata-sections -I/home/chengliye/advancedtomato-arm/release/src-rt-6.x.4708/router/gmp conftest.c >&5
configure:4916: $? = 0
configure:4924: result: inline
configure:4947: checking how to run the C preprocessor
configure:4978: arm-brcm-linux-uclibcgnueabi-gcc -E -I/home/chengliye/advancedtomato-arm/release/src-rt-6.x.4708/router/gmp conftest.c
configure:4978: $? = 0
configure:4992: arm-brcm-linux-uclibcgnueabi-gcc -E -I/home/chengliye/advancedtomato-arm/release/src-rt-6.x.4708/router/gmp conftest.c
conftest.c:9:28: fatal error: ac_nonexistent.h: No such file or directory
compilation terminated.
configure:4992: $? = 1
configure: failed program was:
| /* confdefs.h */
| #define PACKAGE_NAME "nettle"
| #define PACKAGE_TARNAME "nettle"
| #define PACKAGE_VERSION "3.3"
| #define PACKAGE_STRING "nettle 3.3"
| #define PACKAGE_BUGREPORT "nettle-bugs@lists.lysator.liu.se"
| #define PACKAGE_URL ""
| /* end confdefs.h.  */
| #include <ac_nonexistent.h>
configure:5017: result: arm-brcm-linux-uclibcgnueabi-gcc -E
configure:5037: arm-brcm-linux-uclibcgnueabi-gcc -E -I/home/chengliye/advancedtomato-arm/release/src-rt-6.x.4708/router/gmp conftest.c
configure:5037: $? = 0
configure:5051: arm-brcm-linux-uclibcgnueabi-gcc -E -I/home/chengliye/advancedtomato-arm/release/src-rt-6.x.4708/router/gmp conftest.c
conftest.c:9:28: fatal error: ac_nonexistent.h: No such file or directory
compilation terminated.
configure:5051: $? = 1
configure: failed program was:
| /* confdefs.h */
| #define PACKAGE_NAME "nettle"
| #define PACKAGE_TARNAME "nettle"
| #define PACKAGE_VERSION "3.3"
| #define PACKAGE_STRING "nettle 3.3"
| #define PACKAGE_BUGREPORT "nettle-bugs@lists.lysator.liu.se"
| #define PACKAGE_URL ""
| /* end confdefs.h.  */
| #include <ac_nonexistent.h>
configure:5080: checking for grep that handles long lines and -e
configure:5138: result: /bin/grep
configure:5143: checking for egrep
configure:5205: result: /bin/grep -E
configure:5210: checking for uid_t in sys/types.h
configure:5229: result: yes
configure:5240: checking for ANSI C header files
configure:5260: arm-brcm-linux-uclibcgnueabi-gcc -c -O2 -Wall -DLINUX26 -DCONFIG_BCMWL5 -DCONFIG_BCMWL6 -DCONFIG_BCMWL6A -DPART_JFFS2_GAP=0UL -pipe -fno-strict-aliasing -DBCMWPA2 -DBCMARM -marm  -DTCONFIG_NVRAM_64K -DLINUX_KERNEL_VERSION=132644 -fPIC -ffunction-sections -fdata-sections -I/home/chengliye/advancedtomato-arm/release/src-rt-6.x.4708/router/gmp conftest.c >&5
configure:5260: $? = 0
configure:5344: result: yes
configure:5357: checking for sys/types.h
configure:5357: arm-brcm-linux-uclibcgnueabi-gcc -c -O2 -Wall -DLINUX26 -DCONFIG_BCMWL5 -DCONFIG_BCMWL6 -DCONFIG_BCMWL6A -DPART_JFFS2_GAP=0UL -pipe -fno-strict-aliasing -DBCMWPA2 -DBCMARM -marm  -DTCONFIG_NVRAM_64K -DLINUX_KERNEL_VERSION=132644 -fPIC -ffunction-sections -fdata-sections -I/home/chengliye/advancedtomato-arm/release/src-rt-6.x.4708/router/gmp conftest.c >&5
configure:5357: $? = 0
configure:5357: result: yes
configure:5357: checking for sys/stat.h
configure:5357: arm-brcm-linux-uclibcgnueabi-gcc -c -O2 -Wall -DLINUX26 -DCONFIG_BCMWL5 -DCONFIG_BCMWL6 -DCONFIG_BCMWL6A -DPART_JFFS2_GAP=0UL -pipe -fno-strict-aliasing -DBCMWPA2 -DBCMARM -marm  -DTCONFIG_NVRAM_64K -DLINUX_KERNEL_VERSION=132644 -fPIC -ffunction-sections -fdata-sections -I/home/chengliye/advancedtomato-arm/release/src-rt-6.x.4708/router/gmp conftest.c >&5
configure:5357: $? = 0
configure:5357: result: yes
configure:5357: checking for stdlib.h
configure:5357: arm-brcm-linux-uclibcgnueabi-gcc -c -O2 -Wall -DLINUX26 -DCONFIG_BCMWL5 -DCONFIG_BCMWL6 -DCONFIG_BCMWL6A -DPART_JFFS2_GAP=0UL -pipe -fno-strict-aliasing -DBCMWPA2 -DBCMARM -marm  -DTCONFIG_NVRAM_64K -DLINUX_KERNEL_VERSION=132644 -fPIC -ffunction-sections -fdata-sections -I/home/chengliye/advancedtomato-arm/release/src-rt-6.x.4708/router/gmp conftest.c >&5
configure:5357: $? = 0
configure:5357: result: yes
configure:5357: checking for string.h
configure:5357: arm-brcm-linux-uclibcgnueabi-gcc -c -O2 -Wall -DLINUX26 -DCONFIG_BCMWL5 -DCONFIG_BCMWL6 -DCONFIG_BCMWL6A -DPART_JFFS2_GAP=0UL -pipe -fno-strict-aliasing -DBCMWPA2 -DBCMARM -marm  -DTCONFIG_NVRAM_64K -DLINUX_KERNEL_VERSION=132644 -fPIC -ffunction-sections -fdata-sections -I/home/chengliye/advancedtomato-arm/release/src-rt-6.x.4708/router/gmp conftest.c >&5
configure:5357: $? = 0
configure:5357: result: yes
configure:5357: checking for memory.h
configure:5357: arm-brcm-linux-uclibcgnueabi-gcc -c -O2 -Wall -DLINUX26 -DCONFIG_BCMWL5 -DCONFIG_BCMWL6 -DCONFIG_BCMWL6A -DPART_JFFS2_GAP=0UL -pipe -fno-strict-aliasing -DBCMWPA2 -DBCMARM -marm  -DTCONFIG_NVRAM_64K -DLINUX_KERNEL_VERSION=132644 -fPIC -ffunction-sections -fdata-sections -I/home/chengliye/advancedtomato-arm/release/src-rt-6.x.4708/router/gmp conftest.c >&5
configure:5357: $? = 0
configure:5357: result: yes
configure:5357: checking for strings.h
configure:5357: arm-brcm-linux-uclibcgnueabi-gcc -c -O2 -Wall -DLINUX26 -DCONFIG_BCMWL5 -DCONFIG_BCMWL6 -DCONFIG_BCMWL6A -DPART_JFFS2_GAP=0UL -pipe -fno-strict-aliasing -DBCMWPA2 -DBCMARM -marm  -DTCONFIG_NVRAM_64K -DLINUX_KERNEL_VERSION=132644 -fPIC -ffunction-sections -fdata-sections -I/home/chengliye/advancedtomato-arm/release/src-rt-6.x.4708/router/gmp conftest.c >&5
configure:5357: $? = 0
configure:5357: result: yes
configure:5357: checking for inttypes.h
configure:5357: arm-brcm-linux-uclibcgnueabi-gcc -c -O2 -Wall -DLINUX26 -DCONFIG_BCMWL5 -DCONFIG_BCMWL6 -DCONFIG_BCMWL6A -DPART_JFFS2_GAP=0UL -pipe -fno-strict-aliasing -DBCMWPA2 -DBCMARM -marm  -DTCONFIG_NVRAM_64K -DLINUX_KERNEL_VERSION=132644 -fPIC -ffunction-sections -fdata-sections -I/home/chengliye/advancedtomato-arm/release/src-rt-6.x.4708/router/gmp conftest.c >&5
configure:5357: $? = 0
configure:5357: result: yes
configure:5357: checking for stdint.h
configure:5357: arm-brcm-linux-uclibcgnueabi-gcc -c -O2 -Wall -DLINUX26 -DCONFIG_BCMWL5 -DCONFIG_BCMWL6 -DCONFIG_BCMWL6A -DPART_JFFS2_GAP=0UL -pipe -fno-strict-aliasing -DBCMWPA2 -DBCMARM -marm  -DTCONFIG_NVRAM_64K -DLINUX_KERNEL_VERSION=132644 -fPIC -ffunction-sections -fdata-sections -I/home/chengliye/advancedtomato-arm/release/src-rt-6.x.4708/router/gmp conftest.c >&5
configure:5357: $? = 0
configure:5357: result: yes
configure:5357: checking for unistd.h
configure:5357: arm-brcm-linux-uclibcgnueabi-gcc -c -O2 -Wall -DLINUX26 -DCONFIG_BCMWL5 -DCONFIG_BCMWL6 -DCONFIG_BCMWL6A -DPART_JFFS2_GAP=0UL -pipe -fno-strict-aliasing -DBCMWPA2 -DBCMARM -marm  -DTCONFIG_NVRAM_64K -DLINUX_KERNEL_VERSION=132644 -fPIC -ffunction-sections -fdata-sections -I/home/chengliye/advancedtomato-arm/release/src-rt-6.x.4708/router/gmp conftest.c >&5
configure:5357: $? = 0
configure:5357: result: yes
configure:5369: checking for size_t
configure:5369: arm-brcm-linux-uclibcgnueabi-gcc -c -O2 -Wall -DLINUX26 -DCONFIG_BCMWL5 -DCONFIG_BCMWL6 -DCONFIG_BCMWL6A -DPART_JFFS2_GAP=0UL -pipe -fno-strict-aliasing -DBCMWPA2 -DBCMARM -marm  -DTCONFIG_NVRAM_64K -DLINUX_KERNEL_VERSION=132644 -fPIC -ffunction-sections -fdata-sections -I/home/chengliye/advancedtomato-arm/release/src-rt-6.x.4708/router/gmp conftest.c >&5
configure:5369: $? = 0
configure:5369: arm-brcm-linux-uclibcgnueabi-gcc -c -O2 -Wall -DLINUX26 -DCONFIG_BCMWL5 -DCONFIG_BCMWL6 -DCONFIG_BCMWL6A -DPART_JFFS2_GAP=0UL -pipe -fno-strict-aliasing -DBCMWPA2 -DBCMARM -marm  -DTCONFIG_NVRAM_64K -DLINUX_KERNEL_VERSION=132644 -fPIC -ffunction-sections -fdata-sections -I/home/chengliye/advancedtomato-arm/release/src-rt-6.x.4708/router/gmp conftest.c >&5
conftest.c: In function 'main':
conftest.c:55:21: error: expected expression before ')' token
configure:5369: $? = 1
configure: failed program was:
| /* confdefs.h */
| #define PACKAGE_NAME "nettle"
| #define PACKAGE_TARNAME "nettle"
| #define PACKAGE_VERSION "3.3"
| #define PACKAGE_STRING "nettle 3.3"
| #define PACKAGE_BUGREPORT "nettle-bugs@lists.lysator.liu.se"
| #define PACKAGE_URL ""
| #define STDC_HEADERS 1
| #define HAVE_SYS_TYPES_H 1
| #define HAVE_SYS_STAT_H 1
| #define HAVE_STDLIB_H 1
| #define HAVE_STRING_H 1
| #define HAVE_MEMORY_H 1
| #define HAVE_STRINGS_H 1
| #define HAVE_INTTYPES_H 1
| #define HAVE_STDINT_H 1
| #define HAVE_UNISTD_H 1
| /* end confdefs.h.  */
| #include <stdio.h>
| #ifdef HAVE_SYS_TYPES_H
| # include <sys/types.h>
| #endif
| #ifdef HAVE_SYS_STAT_H
| # include <sys/stat.h>
| #endif
| #ifdef STDC_HEADERS
| # include <stdlib.h>
| # include <stddef.h>
| #else
| # ifdef HAVE_STDLIB_H
| #  include <stdlib.h>
| # endif
| #endif
| #ifdef HAVE_STRING_H
| # if !defined STDC_HEADERS && defined HAVE_MEMORY_H
| #  include <memory.h>
| # endif
| # include <string.h>
| #endif
| #ifdef HAVE_STRINGS_H
| # include <strings.h>
| #endif
| #ifdef HAVE_INTTYPES_H
| # include <inttypes.h>
| #endif
| #ifdef HAVE_STDINT_H
| # include <stdint.h>
| #endif
| #ifdef HAVE_UNISTD_H
| # include <unistd.h>
| #endif
| int
| main ()
| {
| if (sizeof ((size_t)))
| 	    return 0;
|   ;
|   return 0;
| }
configure:5369: result: yes
configure:5380: checking whether time.h and sys/time.h may both be included
configure:5400: arm-brcm-linux-uclibcgnueabi-gcc -c -O2 -Wall -DLINUX26 -DCONFIG_BCMWL5 -DCONFIG_BCMWL6 -DCONFIG_BCMWL6A -DPART_JFFS2_GAP=0UL -pipe -fno-strict-aliasing -DBCMWPA2 -DBCMARM -marm  -DTCONFIG_NVRAM_64K -DLINUX_KERNEL_VERSION=132644 -fPIC -ffunction-sections -fdata-sections -I/home/chengliye/advancedtomato-arm/release/src-rt-6.x.4708/router/gmp conftest.c >&5
configure:5400: $? = 0
configure:5407: result: yes
configure:5419: checking size of long
configure:5424: arm-brcm-linux-uclibcgnueabi-gcc -c -O2 -Wall -DLINUX26 -DCONFIG_BCMWL5 -DCONFIG_BCMWL6 -DCONFIG_BCMWL6A -DPART_JFFS2_GAP=0UL -pipe -fno-strict-aliasing -DBCMWPA2 -DBCMARM -marm  -DTCONFIG_NVRAM_64K -DLINUX_KERNEL_VERSION=132644 -fPIC -ffunction-sections -fdata-sections -I/home/chengliye/advancedtomato-arm/release/src-rt-6.x.4708/router/gmp conftest.c >&5
configure:5424: $? = 0
configure:5424: arm-brcm-linux-uclibcgnueabi-gcc -c -O2 -Wall -DLINUX26 -DCONFIG_BCMWL5 -DCONFIG_BCMWL6 -DCONFIG_BCMWL6A -DPART_JFFS2_GAP=0UL -pipe -fno-strict-aliasing -DBCMWPA2 -DBCMARM -marm  -DTCONFIG_NVRAM_64K -DLINUX_KERNEL_VERSION=132644 -fPIC -ffunction-sections -fdata-sections -I/home/chengliye/advancedtomato-arm/release/src-rt-6.x.4708/router/gmp conftest.c >&5
conftest.c: In function 'main':
conftest.c:56:12: error: size of array 'test_array' is negative
configure:5424: $? = 1
configure: failed program was:
| /* confdefs.h */
| #define PACKAGE_NAME "nettle"
| #define PACKAGE_TARNAME "nettle"
| #define PACKAGE_VERSION "3.3"
| #define PACKAGE_STRING "nettle 3.3"
| #define PACKAGE_BUGREPORT "nettle-bugs@lists.lysator.liu.se"
| #define PACKAGE_URL ""
| #define STDC_HEADERS 1
| #define HAVE_SYS_TYPES_H 1
| #define HAVE_SYS_STAT_H 1
| #define HAVE_STDLIB_H 1
| #define HAVE_STRING_H 1
| #define HAVE_MEMORY_H 1
| #define HAVE_STRINGS_H 1
| #define HAVE_INTTYPES_H 1
| #define HAVE_STDINT_H 1
| #define HAVE_UNISTD_H 1
| #define TIME_WITH_SYS_TIME 1
| /* end confdefs.h.  */
| #include <stdio.h>
| #ifdef HAVE_SYS_TYPES_H
| # include <sys/types.h>
| #endif
| #ifdef HAVE_SYS_STAT_H
| # include <sys/stat.h>
| #endif
| #ifdef STDC_HEADERS
| # include <stdlib.h>
| # include <stddef.h>
| #else
| # ifdef HAVE_STDLIB_H
| #  include <stdlib.h>
| # endif
| #endif
| #ifdef HAVE_STRING_H
| # if !defined STDC_HEADERS && defined HAVE_MEMORY_H
| #  include <memory.h>
| # endif
| # include <string.h>
| #endif
| #ifdef HAVE_STRINGS_H
| # include <strings.h>
| #endif
| #ifdef HAVE_INTTYPES_H
| # include <inttypes.h>
| #endif
| #ifdef HAVE_STDINT_H
| # include <stdint.h>
| #endif
| #ifdef HAVE_UNISTD_H
| # include <unistd.h>
| #endif
| int
| main ()
| {
| static int test_array [1 - 2 * !(((long int) (sizeof (long))) <= 0)];
| test_array [0] = 0;
| return test_array [0];
| 
|   ;
|   return 0;
| }
configure:5424: arm-brcm-linux-uclibcgnueabi-gcc -c -O2 -Wall -DLINUX26 -DCONFIG_BCMWL5 -DCONFIG_BCMWL6 -DCONFIG_BCMWL6A -DPART_JFFS2_GAP=0UL -pipe -fno-strict-aliasing -DBCMWPA2 -DBCMARM -marm  -DTCONFIG_NVRAM_64K -DLINUX_KERNEL_VERSION=132644 -fPIC -ffunction-sections -fdata-sections -I/home/chengliye/advancedtomato-arm/release/src-rt-6.x.4708/router/gmp conftest.c >&5
conftest.c: In function 'main':
conftest.c:56:12: error: size of array 'test_array' is negative
configure:5424: $? = 1
configure: failed program was:
| /* confdefs.h */
| #define PACKAGE_NAME "nettle"
| #define PACKAGE_TARNAME "nettle"
| #define PACKAGE_VERSION "3.3"
| #define PACKAGE_STRING "nettle 3.3"
| #define PACKAGE_BUGREPORT "nettle-bugs@lists.lysator.liu.se"
| #define PACKAGE_URL ""
| #define STDC_HEADERS 1
| #define HAVE_SYS_TYPES_H 1
| #define HAVE_SYS_STAT_H 1
| #define HAVE_STDLIB_H 1
| #define HAVE_STRING_H 1
| #define HAVE_MEMORY_H 1
| #define HAVE_STRINGS_H 1
| #define HAVE_INTTYPES_H 1
| #define HAVE_STDINT_H 1
| #define HAVE_UNISTD_H 1
| #define TIME_WITH_SYS_TIME 1
| /* end confdefs.h.  */
| #include <stdio.h>
| #ifdef HAVE_SYS_TYPES_H
| # include <sys/types.h>
| #endif
| #ifdef HAVE_SYS_STAT_H
| # include <sys/stat.h>
| #endif
| #ifdef STDC_HEADERS
| # include <stdlib.h>
| # include <stddef.h>
| #else
| # ifdef HAVE_STDLIB_H
| #  include <stdlib.h>
| # endif
| #endif
| #ifdef HAVE_STRING_H
| # if !defined STDC_HEADERS && defined HAVE_MEMORY_H
| #  include <memory.h>
| # endif
| # include <string.h>
| #endif
| #ifdef HAVE_STRINGS_H
| # include <strings.h>
| #endif
| #ifdef HAVE_INTTYPES_H
| # include <inttypes.h>
| #endif
| #ifdef HAVE_STDINT_H
| # include <stdint.h>
| #endif
| #ifdef HAVE_UNISTD_H
| # include <unistd.h>
| #endif
| int
| main ()
| {
| static int test_array [1 - 2 * !(((long int) (sizeof (long))) <= 1)];
| test_array [0] = 0;
| return test_array [0];
| 
|   ;
|   return 0;
| }
configure:5424: arm-brcm-linux-uclibcgnueabi-gcc -c -O2 -Wall -DLINUX26 -DCONFIG_BCMWL5 -DCONFIG_BCMWL6 -DCONFIG_BCMWL6A -DPART_JFFS2_GAP=0UL -pipe -fno-strict-aliasing -DBCMWPA2 -DBCMARM -marm  -DTCONFIG_NVRAM_64K -DLINUX_KERNEL_VERSION=132644 -fPIC -ffunction-sections -fdata-sections -I/home/chengliye/advancedtomato-arm/release/src-rt-6.x.4708/router/gmp conftest.c >&5
conftest.c: In function 'main':
conftest.c:56:12: error: size of array 'test_array' is negative
configure:5424: $? = 1
configure: failed program was:
| /* confdefs.h */
| #define PACKAGE_NAME "nettle"
| #define PACKAGE_TARNAME "nettle"
| #define PACKAGE_VERSION "3.3"
| #define PACKAGE_STRING "nettle 3.3"
| #define PACKAGE_BUGREPORT "nettle-bugs@lists.lysator.liu.se"
| #define PACKAGE_URL ""
| #define STDC_HEADERS 1
| #define HAVE_SYS_TYPES_H 1
| #define HAVE_SYS_STAT_H 1
| #define HAVE_STDLIB_H 1
| #define HAVE_STRING_H 1
| #define HAVE_MEMORY_H 1
| #define HAVE_STRINGS_H 1
| #define HAVE_INTTYPES_H 1
| #define HAVE_STDINT_H 1
| #define HAVE_UNISTD_H 1
| #define TIME_WITH_SYS_TIME 1
| /* end confdefs.h.  */
| #include <stdio.h>
| #ifdef HAVE_SYS_TYPES_H
| # include <sys/types.h>
| #endif
| #ifdef HAVE_SYS_STAT_H
| # include <sys/stat.h>
| #endif
| #ifdef STDC_HEADERS
| # include <stdlib.h>
| # include <stddef.h>
| #else
| # ifdef HAVE_STDLIB_H
| #  include <stdlib.h>
| # endif
| #endif
| #ifdef HAVE_STRING_H
| # if !defined STDC_HEADERS && defined HAVE_MEMORY_H
| #  include <memory.h>
| # endif
| # include <string.h>
| #endif
| #ifdef HAVE_STRINGS_H
| # include <strings.h>
| #endif
| #ifdef HAVE_INTTYPES_H
| # include <inttypes.h>
| #endif
| #ifdef HAVE_STDINT_H
| # include <stdint.h>
| #endif
| #ifdef HAVE_UNISTD_H
| # include <unistd.h>
| #endif
| int
| main ()
| {
| static int test_array [1 - 2 * !(((long int) (sizeof (long))) <= 3)];
| test_array [0] = 0;
| return test_array [0];
| 
|   ;
|   return 0;
| }
configure:5424: arm-brcm-linux-uclibcgnueabi-gcc -c -O2 -Wall -DLINUX26 -DCONFIG_BCMWL5 -DCONFIG_BCMWL6 -DCONFIG_BCMWL6A -DPART_JFFS2_GAP=0UL -pipe -fno-strict-aliasing -DBCMWPA2 -DBCMARM -marm  -DTCONFIG_NVRAM_64K -DLINUX_KERNEL_VERSION=132644 -fPIC -ffunction-sections -fdata-sections -I/home/chengliye/advancedtomato-arm/release/src-rt-6.x.4708/router/gmp conftest.c >&5
configure:5424: $? = 0
configure:5424: arm-brcm-linux-uclibcgnueabi-gcc -c -O2 -Wall -DLINUX26 -DCONFIG_BCMWL5 -DCONFIG_BCMWL6 -DCONFIG_BCMWL6A -DPART_JFFS2_GAP=0UL -pipe -fno-strict-aliasing -DBCMWPA2 -DBCMARM -marm  -DTCONFIG_NVRAM_64K -DLINUX_KERNEL_VERSION=132644 -fPIC -ffunction-sections -fdata-sections -I/home/chengliye/advancedtomato-arm/release/src-rt-6.x.4708/router/gmp conftest.c >&5
configure:5424: $? = 0
configure:5424: arm-brcm-linux-uclibcgnueabi-gcc -c -O2 -Wall -DLINUX26 -DCONFIG_BCMWL5 -DCONFIG_BCMWL6 -DCONFIG_BCMWL6A -DPART_JFFS2_GAP=0UL -pipe -fno-strict-aliasing -DBCMWPA2 -DBCMARM -marm  -DTCONFIG_NVRAM_64K -DLINUX_KERNEL_VERSION=132644 -fPIC -ffunction-sections -fdata-sections -I/home/chengliye/advancedtomato-arm/release/src-rt-6.x.4708/router/gmp conftest.c >&5
configure:5424: $? = 0
configure:5438: result: 4
configure:5452: checking size of size_t
configure:5457: arm-brcm-linux-uclibcgnueabi-gcc -c -O2 -Wall -DLINUX26 -DCONFIG_BCMWL5 -DCONFIG_BCMWL6 -DCONFIG_BCMWL6A -DPART_JFFS2_GAP=0UL -pipe -fno-strict-aliasing -DBCMWPA2 -DBCMARM -marm  -DTCONFIG_NVRAM_64K -DLINUX_KERNEL_VERSION=132644 -fPIC -ffunction-sections -fdata-sections -I/home/chengliye/advancedtomato-arm/release/src-rt-6.x.4708/router/gmp conftest.c >&5
configure:5457: $? = 0
configure:5457: arm-brcm-linux-uclibcgnueabi-gcc -c -O2 -Wall -DLINUX26 -DCONFIG_BCMWL5 -DCONFIG_BCMWL6 -DCONFIG_BCMWL6A -DPART_JFFS2_GAP=0UL -pipe -fno-strict-aliasing -DBCMWPA2 -DBCMARM -marm  -DTCONFIG_NVRAM_64K -DLINUX_KERNEL_VERSION=132644 -fPIC -ffunction-sections -fdata-sections -I/home/chengliye/advancedtomato-arm/release/src-rt-6.x.4708/router/gmp conftest.c >&5
conftest.c: In function 'main':
conftest.c:57:12: error: size of array 'test_array' is negative
configure:5457: $? = 1
configure: failed program was:
| /* confdefs.h */
| #define PACKAGE_NAME "nettle"
| #define PACKAGE_TARNAME "nettle"
| #define PACKAGE_VERSION "3.3"
| #define PACKAGE_STRING "nettle 3.3"
| #define PACKAGE_BUGREPORT "nettle-bugs@lists.lysator.liu.se"
| #define PACKAGE_URL ""
| #define STDC_HEADERS 1
| #define HAVE_SYS_TYPES_H 1
| #define HAVE_SYS_STAT_H 1
| #define HAVE_STDLIB_H 1
| #define HAVE_STRING_H 1
| #define HAVE_MEMORY_H 1
| #define HAVE_STRINGS_H 1
| #define HAVE_INTTYPES_H 1
| #define HAVE_STDINT_H 1
| #define HAVE_UNISTD_H 1
| #define TIME_WITH_SYS_TIME 1
| #define SIZEOF_LONG 4
| /* end confdefs.h.  */
| #include <stdio.h>
| #ifdef HAVE_SYS_TYPES_H
| # include <sys/types.h>
| #endif
| #ifdef HAVE_SYS_STAT_H
| # include <sys/stat.h>
| #endif
| #ifdef STDC_HEADERS
| # include <stdlib.h>
| # include <stddef.h>
| #else
| # ifdef HAVE_STDLIB_H
| #  include <stdlib.h>
| # endif
| #endif
| #ifdef HAVE_STRING_H
| # if !defined STDC_HEADERS && defined HAVE_MEMORY_H
| #  include <memory.h>
| # endif
| # include <string.h>
| #endif
| #ifdef HAVE_STRINGS_H
| # include <strings.h>
| #endif
| #ifdef HAVE_INTTYPES_H
| # include <inttypes.h>
| #endif
| #ifdef HAVE_STDINT_H
| # include <stdint.h>
| #endif
| #ifdef HAVE_UNISTD_H
| # include <unistd.h>
| #endif
| int
| main ()
| {
| static int test_array [1 - 2 * !(((long int) (sizeof (size_t))) <= 0)];
| test_array [0] = 0;
| return test_array [0];
| 
|   ;
|   return 0;
| }
configure:5457: arm-brcm-linux-uclibcgnueabi-gcc -c -O2 -Wall -DLINUX26 -DCONFIG_BCMWL5 -DCONFIG_BCMWL6 -DCONFIG_BCMWL6A -DPART_JFFS2_GAP=0UL -pipe -fno-strict-aliasing -DBCMWPA2 -DBCMARM -marm  -DTCONFIG_NVRAM_64K -DLINUX_KERNEL_VERSION=132644 -fPIC -ffunction-sections -fdata-sections -I/home/chengliye/advancedtomato-arm/release/src-rt-6.x.4708/router/gmp conftest.c >&5
conftest.c: In function 'main':
conftest.c:57:12: error: size of array 'test_array' is negative
configure:5457: $? = 1
configure: failed program was:
| /* confdefs.h */
| #define PACKAGE_NAME "nettle"
| #define PACKAGE_TARNAME "nettle"
| #define PACKAGE_VERSION "3.3"
| #define PACKAGE_STRING "nettle 3.3"
| #define PACKAGE_BUGREPORT "nettle-bugs@lists.lysator.liu.se"
| #define PACKAGE_URL ""
| #define STDC_HEADERS 1
| #define HAVE_SYS_TYPES_H 1
| #define HAVE_SYS_STAT_H 1
| #define HAVE_STDLIB_H 1
| #define HAVE_STRING_H 1
| #define HAVE_MEMORY_H 1
| #define HAVE_STRINGS_H 1
| #define HAVE_INTTYPES_H 1
| #define HAVE_STDINT_H 1
| #define HAVE_UNISTD_H 1
| #define TIME_WITH_SYS_TIME 1
| #define SIZEOF_LONG 4
| /* end confdefs.h.  */
| #include <stdio.h>
| #ifdef HAVE_SYS_TYPES_H
| # include <sys/types.h>
| #endif
| #ifdef HAVE_SYS_STAT_H
| # include <sys/stat.h>
| #endif
| #ifdef STDC_HEADERS
| # include <stdlib.h>
| # include <stddef.h>
| #else
| # ifdef HAVE_STDLIB_H
| #  include <stdlib.h>
| # endif
| #endif
| #ifdef HAVE_STRING_H
| # if !defined STDC_HEADERS && defined HAVE_MEMORY_H
| #  include <memory.h>
| # endif
| # include <string.h>
| #endif
| #ifdef HAVE_STRINGS_H
| # include <strings.h>
| #endif
| #ifdef HAVE_INTTYPES_H
| # include <inttypes.h>
| #endif
| #ifdef HAVE_STDINT_H
| # include <stdint.h>
| #endif
| #ifdef HAVE_UNISTD_H
| # include <unistd.h>
| #endif
| int
| main ()
| {
| static int test_array [1 - 2 * !(((long int) (sizeof (size_t))) <= 1)];
| test_array [0] = 0;
| return test_array [0];
| 
|   ;
|   return 0;
| }
configure:5457: arm-brcm-linux-uclibcgnueabi-gcc -c -O2 -Wall -DLINUX26 -DCONFIG_BCMWL5 -DCONFIG_BCMWL6 -DCONFIG_BCMWL6A -DPART_JFFS2_GAP=0UL -pipe -fno-strict-aliasing -DBCMWPA2 -DBCMARM -marm  -DTCONFIG_NVRAM_64K -DLINUX_KERNEL_VERSION=132644 -fPIC -ffunction-sections -fdata-sections -I/home/chengliye/advancedtomato-arm/release/src-rt-6.x.4708/router/gmp conftest.c >&5
conftest.c: In function 'main':
conftest.c:57:12: error: size of array 'test_array' is negative
configure:5457: $? = 1
configure: failed program was:
| /* confdefs.h */
| #define PACKAGE_NAME "nettle"
| #define PACKAGE_TARNAME "nettle"
| #define PACKAGE_VERSION "3.3"
| #define PACKAGE_STRING "nettle 3.3"
| #define PACKAGE_BUGREPORT "nettle-bugs@lists.lysator.liu.se"
| #define PACKAGE_URL ""
| #define STDC_HEADERS 1
| #define HAVE_SYS_TYPES_H 1
| #define HAVE_SYS_STAT_H 1
| #define HAVE_STDLIB_H 1
| #define HAVE_STRING_H 1
| #define HAVE_MEMORY_H 1
| #define HAVE_STRINGS_H 1
| #define HAVE_INTTYPES_H 1
| #define HAVE_STDINT_H 1
| #define HAVE_UNISTD_H 1
| #define TIME_WITH_SYS_TIME 1
| #define SIZEOF_LONG 4
| /* end confdefs.h.  */
| #include <stdio.h>
| #ifdef HAVE_SYS_TYPES_H
| # include <sys/types.h>
| #endif
| #ifdef HAVE_SYS_STAT_H
| # include <sys/stat.h>
| #endif
| #ifdef STDC_HEADERS
| # include <stdlib.h>
| # include <stddef.h>
| #else
| # ifdef HAVE_STDLIB_H
| #  include <stdlib.h>
| # endif
| #endif
| #ifdef HAVE_STRING_H
| # if !defined STDC_HEADERS && defined HAVE_MEMORY_H
| #  include <memory.h>
| # endif
| # include <string.h>
| #endif
| #ifdef HAVE_STRINGS_H
| # include <strings.h>
| #endif
| #ifdef HAVE_INTTYPES_H
| # include <inttypes.h>
| #endif
| #ifdef HAVE_STDINT_H
| # include <stdint.h>
| #endif
| #ifdef HAVE_UNISTD_H
| # include <unistd.h>
| #endif
| int
| main ()
| {
| static int test_array [1 - 2 * !(((long int) (sizeof (size_t))) <= 3)];
| test_array [0] = 0;
| return test_array [0];
| 
|   ;
|   return 0;
| }
configure:5457: arm-brcm-linux-uclibcgnueabi-gcc -c -O2 -Wall -DLINUX26 -DCONFIG_BCMWL5 -DCONFIG_BCMWL6 -DCONFIG_BCMWL6A -DPART_JFFS2_GAP=0UL -pipe -fno-strict-aliasing -DBCMWPA2 -DBCMARM -marm  -DTCONFIG_NVRAM_64K -DLINUX_KERNEL_VERSION=132644 -fPIC -ffunction-sections -fdata-sections -I/home/chengliye/advancedtomato-arm/release/src-rt-6.x.4708/router/gmp conftest.c >&5
configure:5457: $? = 0
configure:5457: arm-brcm-linux-uclibcgnueabi-gcc -c -O2 -Wall -DLINUX26 -DCONFIG_BCMWL5 -DCONFIG_BCMWL6 -DCONFIG_BCMWL6A -DPART_JFFS2_GAP=0UL -pipe -fno-strict-aliasing -DBCMWPA2 -DBCMARM -marm  -DTCONFIG_NVRAM_64K -DLINUX_KERNEL_VERSION=132644 -fPIC -ffunction-sections -fdata-sections -I/home/chengliye/advancedtomato-arm/release/src-rt-6.x.4708/router/gmp conftest.c >&5
configure:5457: $? = 0
configure:5457: arm-brcm-linux-uclibcgnueabi-gcc -c -O2 -Wall -DLINUX26 -DCONFIG_BCMWL5 -DCONFIG_BCMWL6 -DCONFIG_BCMWL6A -DPART_JFFS2_GAP=0UL -pipe -fno-strict-aliasing -DBCMWPA2 -DBCMARM -marm  -DTCONFIG_NVRAM_64K -DLINUX_KERNEL_VERSION=132644 -fPIC -ffunction-sections -fdata-sections -I/home/chengliye/advancedtomato-arm/release/src-rt-6.x.4708/router/gmp conftest.c >&5
configure:5457: $? = 0
configure:5471: result: 4
configure:5485: checking openssl/blowfish.h usability
configure:5485: arm-brcm-linux-uclibcgnueabi-gcc -c -O2 -Wall -DLINUX26 -DCONFIG_BCMWL5 -DCONFIG_BCMWL6 -DCONFIG_BCMWL6A -DPART_JFFS2_GAP=0UL -pipe -fno-strict-aliasing -DBCMWPA2 -DBCMARM -marm  -DTCONFIG_NVRAM_64K -DLINUX_KERNEL_VERSION=132644 -fPIC -ffunction-sections -fdata-sections -I/home/chengliye/advancedtomato-arm/release/src-rt-6.x.4708/router/gmp conftest.c >&5
configure:5485: $? = 0
configure:5485: result: yes
configure:5485: checking openssl/blowfish.h presence
configure:5485: arm-brcm-linux-uclibcgnueabi-gcc -E -I/home/chengliye/advancedtomato-arm/release/src-rt-6.x.4708/router/gmp conftest.c
configure:5485: $? = 0
configure:5485: result: yes
configure:5485: checking for openssl/blowfish.h
configure:5485: result: yes
configure:5485: checking openssl/des.h usability
configure:5485: arm-brcm-linux-uclibcgnueabi-gcc -c -O2 -Wall -DLINUX26 -DCONFIG_BCMWL5 -DCONFIG_BCMWL6 -DCONFIG_BCMWL6A -DPART_JFFS2_GAP=0UL -pipe -fno-strict-aliasing -DBCMWPA2 -DBCMARM -marm  -DTCONFIG_NVRAM_64K -DLINUX_KERNEL_VERSION=132644 -fPIC -ffunction-sections -fdata-sections -I/home/chengliye/advancedtomato-arm/release/src-rt-6.x.4708/router/gmp conftest.c >&5
configure:5485: $? = 0
configure:5485: result: yes
configure:5485: checking openssl/des.h presence
configure:5485: arm-brcm-linux-uclibcgnueabi-gcc -E -I/home/chengliye/advancedtomato-arm/release/src-rt-6.x.4708/router/gmp conftest.c
configure:5485: $? = 0
configure:5485: result: yes
configure:5485: checking for openssl/des.h
configure:5485: result: yes
configure:5485: checking openssl/cast.h usability
configure:5485: arm-brcm-linux-uclibcgnueabi-gcc -c -O2 -Wall -DLINUX26 -DCONFIG_BCMWL5 -DCONFIG_BCMWL6 -DCONFIG_BCMWL6A -DPART_JFFS2_GAP=0UL -pipe -fno-strict-aliasing -DBCMWPA2 -DBCMARM -marm  -DTCONFIG_NVRAM_64K -DLINUX_KERNEL_VERSION=132644 -fPIC -ffunction-sections -fdata-sections -I/home/chengliye/advancedtomato-arm/release/src-rt-6.x.4708/router/gmp conftest.c >&5
configure:5485: $? = 0
configure:5485: result: yes
configure:5485: checking openssl/cast.h presence
configure:5485: arm-brcm-linux-uclibcgnueabi-gcc -E -I/home/chengliye/advancedtomato-arm/release/src-rt-6.x.4708/router/gmp conftest.c
configure:5485: $? = 0
configure:5485: result: yes
configure:5485: checking for openssl/cast.h
configure:5485: result: yes
configure:5485: checking openssl/aes.h usability
configure:5485: arm-brcm-linux-uclibcgnueabi-gcc -c -O2 -Wall -DLINUX26 -DCONFIG_BCMWL5 -DCONFIG_BCMWL6 -DCONFIG_BCMWL6A -DPART_JFFS2_GAP=0UL -pipe -fno-strict-aliasing -DBCMWPA2 -DBCMARM -marm  -DTCONFIG_NVRAM_64K -DLINUX_KERNEL_VERSION=132644 -fPIC -ffunction-sections -fdata-sections -I/home/chengliye/advancedtomato-arm/release/src-rt-6.x.4708/router/gmp conftest.c >&5
configure:5485: $? = 0
configure:5485: result: yes
configure:5485: checking openssl/aes.h presence
configure:5485: arm-brcm-linux-uclibcgnueabi-gcc -E -I/home/chengliye/advancedtomato-arm/release/src-rt-6.x.4708/router/gmp conftest.c
configure:5485: $? = 0
configure:5485: result: yes
configure:5485: checking for openssl/aes.h
configure:5485: result: yes
configure:5485: checking openssl/ecdsa.h usability
configure:5485: arm-brcm-linux-uclibcgnueabi-gcc -c -O2 -Wall -DLINUX26 -DCONFIG_BCMWL5 -DCONFIG_BCMWL6 -DCONFIG_BCMWL6A -DPART_JFFS2_GAP=0UL -pipe -fno-strict-aliasing -DBCMWPA2 -DBCMARM -marm  -DTCONFIG_NVRAM_64K -DLINUX_KERNEL_VERSION=132644 -fPIC -ffunction-sections -fdata-sections -I/home/chengliye/advancedtomato-arm/release/src-rt-6.x.4708/router/gmp conftest.c >&5
configure:5485: $? = 0
configure:5485: result: yes
configure:5485: checking openssl/ecdsa.h presence
configure:5485: arm-brcm-linux-uclibcgnueabi-gcc -E -I/home/chengliye/advancedtomato-arm/release/src-rt-6.x.4708/router/gmp conftest.c
configure:5485: $? = 0
configure:5485: result: yes
configure:5485: checking for openssl/ecdsa.h
configure:5485: result: yes
configure:5502: checking valgrind/memcheck.h usability
configure:5502: arm-brcm-linux-uclibcgnueabi-gcc -c -O2 -Wall -DLINUX26 -DCONFIG_BCMWL5 -DCONFIG_BCMWL6 -DCONFIG_BCMWL6A -DPART_JFFS2_GAP=0UL -pipe -fno-strict-aliasing -DBCMWPA2 -DBCMARM -marm  -DTCONFIG_NVRAM_64K -DLINUX_KERNEL_VERSION=132644 -fPIC -ffunction-sections -fdata-sections -I/home/chengliye/advancedtomato-arm/release/src-rt-6.x.4708/router/gmp conftest.c >&5
conftest.c:60:31: fatal error: valgrind/memcheck.h: No such file or directory
compilation terminated.
configure:5502: $? = 1
configure: failed program was:
| /* confdefs.h */
| #define PACKAGE_NAME "nettle"
| #define PACKAGE_TARNAME "nettle"
| #define PACKAGE_VERSION "3.3"
| #define PACKAGE_STRING "nettle 3.3"
| #define PACKAGE_BUGREPORT "nettle-bugs@lists.lysator.liu.se"
| #define PACKAGE_URL ""
| #define STDC_HEADERS 1
| #define HAVE_SYS_TYPES_H 1
| #define HAVE_SYS_STAT_H 1
| #define HAVE_STDLIB_H 1
| #define HAVE_STRING_H 1
| #define HAVE_MEMORY_H 1
| #define HAVE_STRINGS_H 1
| #define HAVE_INTTYPES_H 1
| #define HAVE_STDINT_H 1
| #define HAVE_UNISTD_H 1
| #define TIME_WITH_SYS_TIME 1
| #define SIZEOF_LONG 4
| #define SIZEOF_SIZE_T 4
| #define HAVE_OPENSSL_BLOWFISH_H 1
| #define HAVE_OPENSSL_DES_H 1
| #define HAVE_OPENSSL_CAST_H 1
| #define HAVE_OPENSSL_AES_H 1
| #define HAVE_OPENSSL_ECDSA_H 1
| /* end confdefs.h.  */
| #include <stdio.h>
| #ifdef HAVE_SYS_TYPES_H
| # include <sys/types.h>
| #endif
| #ifdef HAVE_SYS_STAT_H
| # include <sys/stat.h>
| #endif
| #ifdef STDC_HEADERS
| # include <stdlib.h>
| # include <stddef.h>
| #else
| # ifdef HAVE_STDLIB_H
| #  include <stdlib.h>
| # endif
| #endif
| #ifdef HAVE_STRING_H
| # if !defined STDC_HEADERS && defined HAVE_MEMORY_H
| #  include <memory.h>
| # endif
| # include <string.h>
| #endif
| #ifdef HAVE_STRINGS_H
| # include <strings.h>
| #endif
| #ifdef HAVE_INTTYPES_H
| # include <inttypes.h>
| #endif
| #ifdef HAVE_STDINT_H
| # include <stdint.h>
| #endif
| #ifdef HAVE_UNISTD_H
| # include <unistd.h>
| #endif
| #include <valgrind/memcheck.h>
configure:5502: result: no
configure:5502: checking valgrind/memcheck.h presence
configure:5502: arm-brcm-linux-uclibcgnueabi-gcc -E -I/home/chengliye/advancedtomato-arm/release/src-rt-6.x.4708/router/gmp conftest.c
conftest.c:27:31: fatal error: valgrind/memcheck.h: No such file or directory
compilation terminated.
configure:5502: $? = 1
configure: failed program was:
| /* confdefs.h */
| #define PACKAGE_NAME "nettle"
| #define PACKAGE_TARNAME "nettle"
| #define PACKAGE_VERSION "3.3"
| #define PACKAGE_STRING "nettle 3.3"
| #define PACKAGE_BUGREPORT "nettle-bugs@lists.lysator.liu.se"
| #define PACKAGE_URL ""
| #define STDC_HEADERS 1
| #define HAVE_SYS_TYPES_H 1
| #define HAVE_SYS_STAT_H 1
| #define HAVE_STDLIB_H 1
| #define HAVE_STRING_H 1
| #define HAVE_MEMORY_H 1
| #define HAVE_STRINGS_H 1
| #define HAVE_INTTYPES_H 1
| #define HAVE_STDINT_H 1
| #define HAVE_UNISTD_H 1
| #define TIME_WITH_SYS_TIME 1
| #define SIZEOF_LONG 4
| #define SIZEOF_SIZE_T 4
| #define HAVE_OPENSSL_BLOWFISH_H 1
| #define HAVE_OPENSSL_DES_H 1
| #define HAVE_OPENSSL_CAST_H 1
| #define HAVE_OPENSSL_AES_H 1
| #define HAVE_OPENSSL_ECDSA_H 1
| /* end confdefs.h.  */
| #include <valgrind/memcheck.h>
configure:5502: result: no
configure:5502: checking for valgrind/memcheck.h
configure:5502: result: no
configure:5514: checking dlfcn.h usability
configure:5514: arm-brcm-linux-uclibcgnueabi-gcc -c -O2 -Wall -DLINUX26 -DCONFIG_BCMWL5 -DCONFIG_BCMWL6 -DCONFIG_BCMWL6A -DPART_JFFS2_GAP=0UL -pipe -fno-strict-aliasing -DBCMWPA2 -DBCMARM -marm  -DTCONFIG_NVRAM_64K -DLINUX_KERNEL_VERSION=132644 -fPIC -ffunction-sections -fdata-sections -I/home/chengliye/advancedtomato-arm/release/src-rt-6.x.4708/router/gmp conftest.c >&5
configure:5514: $? = 0
configure:5514: result: yes
configure:5514: checking dlfcn.h presence
configure:5514: arm-brcm-linux-uclibcgnueabi-gcc -E -I/home/chengliye/advancedtomato-arm/release/src-rt-6.x.4708/router/gmp conftest.c
configure:5514: $? = 0
configure:5514: result: yes
configure:5514: checking for dlfcn.h
configure:5514: result: yes
configure:5524: checking for dlopen in -ldl
configure:5549: arm-brcm-linux-uclibcgnueabi-gcc -o conftest -O2 -Wall -DLINUX26 -DCONFIG_BCMWL5 -DCONFIG_BCMWL6 -DCONFIG_BCMWL6A -DPART_JFFS2_GAP=0UL -pipe -fno-strict-aliasing -DBCMWPA2 -DBCMARM -marm  -DTCONFIG_NVRAM_64K -DLINUX_KERNEL_VERSION=132644 -fPIC -ffunction-sections -fdata-sections -I/home/chengliye/advancedtomato-arm/release/src-rt-6.x.4708/router/gmp -L/home/chengliye/advancedtomato-arm/release/src-rt-6.x.4708/router/gmp/.libs -ffunction-sections -fdata-sections -Wl,--gc-sections -fPIC conftest.c -ldl   >&5
configure:5549: $? = 0
configure:5558: result: yes
configure:5569: checking for working alloca.h
configure:5586: arm-brcm-linux-uclibcgnueabi-gcc -o conftest -O2 -Wall -DLINUX26 -DCONFIG_BCMWL5 -DCONFIG_BCMWL6 -DCONFIG_BCMWL6A -DPART_JFFS2_GAP=0UL -pipe -fno-strict-aliasing -DBCMWPA2 -DBCMARM -marm  -DTCONFIG_NVRAM_64K -DLINUX_KERNEL_VERSION=132644 -fPIC -ffunction-sections -fdata-sections -I/home/chengliye/advancedtomato-arm/release/src-rt-6.x.4708/router/gmp -L/home/chengliye/advancedtomato-arm/release/src-rt-6.x.4708/router/gmp/.libs -ffunction-sections -fdata-sections -Wl,--gc-sections -fPIC conftest.c  >&5
configure:5586: $? = 0
configure:5594: result: yes
configure:5602: checking for alloca
configure:5639: arm-brcm-linux-uclibcgnueabi-gcc -o conftest -O2 -Wall -DLINUX26 -DCONFIG_BCMWL5 -DCONFIG_BCMWL6 -DCONFIG_BCMWL6A -DPART_JFFS2_GAP=0UL -pipe -fno-strict-aliasing -DBCMWPA2 -DBCMARM -marm  -DTCONFIG_NVRAM_64K -DLINUX_KERNEL_VERSION=132644 -fPIC -ffunction-sections -fdata-sections -I/home/chengliye/advancedtomato-arm/release/src-rt-6.x.4708/router/gmp -L/home/chengliye/advancedtomato-arm/release/src-rt-6.x.4708/router/gmp/.libs -ffunction-sections -fdata-sections -Wl,--gc-sections -fPIC conftest.c  >&5
configure:5639: $? = 0
configure:5647: result: yes
configure:5755: checking malloc.h usability
configure:5755: arm-brcm-linux-uclibcgnueabi-gcc -c -O2 -Wall -DLINUX26 -DCONFIG_BCMWL5 -DCONFIG_BCMWL6 -DCONFIG_BCMWL6A -DPART_JFFS2_GAP=0UL -pipe -fno-strict-aliasing -DBCMWPA2 -DBCMARM -marm  -DTCONFIG_NVRAM_64K -DLINUX_KERNEL_VERSION=132644 -fPIC -ffunction-sections -fdata-sections -I/home/chengliye/advancedtomato-arm/release/src-rt-6.x.4708/router/gmp conftest.c >&5
configure:5755: $? = 0
configure:5755: result: yes
configure:5755: checking malloc.h presence
configure:5755: arm-brcm-linux-uclibcgnueabi-gcc -E -I/home/chengliye/advancedtomato-arm/release/src-rt-6.x.4708/router/gmp conftest.c
configure:5755: $? = 0
configure:5755: result: yes
configure:5755: checking for malloc.h
configure:5755: result: yes
configure:5768: checking for strerror
configure:5768: arm-brcm-linux-uclibcgnueabi-gcc -o conftest -O2 -Wall -DLINUX26 -DCONFIG_BCMWL5 -DCONFIG_BCMWL6 -DCONFIG_BCMWL6A -DPART_JFFS2_GAP=0UL -pipe -fno-strict-aliasing -DBCMWPA2 -DBCMARM -marm  -DTCONFIG_NVRAM_64K -DLINUX_KERNEL_VERSION=132644 -fPIC -ffunction-sections -fdata-sections -I/home/chengliye/advancedtomato-arm/release/src-rt-6.x.4708/router/gmp -L/home/chengliye/advancedtomato-arm/release/src-rt-6.x.4708/router/gmp/.libs -ffunction-sections -fdata-sections -Wl,--gc-sections -fPIC conftest.c  >&5
configure:5768: $? = 0
configure:5768: result: yes
configure:5783: checking for secure_getenv
configure:5783: arm-brcm-linux-uclibcgnueabi-gcc -o conftest -O2 -Wall -DLINUX26 -DCONFIG_BCMWL5 -DCONFIG_BCMWL6 -DCONFIG_BCMWL6A -DPART_JFFS2_GAP=0UL -pipe -fno-strict-aliasing -DBCMWPA2 -DBCMARM -marm  -DTCONFIG_NVRAM_64K -DLINUX_KERNEL_VERSION=132644 -fPIC -ffunction-sections -fdata-sections -I/home/chengliye/advancedtomato-arm/release/src-rt-6.x.4708/router/gmp -L/home/chengliye/advancedtomato-arm/release/src-rt-6.x.4708/router/gmp/.libs -ffunction-sections -fdata-sections -Wl,--gc-sections -fPIC conftest.c  >&5
/tmp/cc5wU6Wu.o: In function `main':
conftest.c:(.text.main+0x4): undefined reference to `secure_getenv'
collect2: ld returned 1 exit status
configure:5783: $? = 1
configure: failed program was:
| /* confdefs.h */
| #define PACKAGE_NAME "nettle"
| #define PACKAGE_TARNAME "nettle"
| #define PACKAGE_VERSION "3.3"
| #define PACKAGE_STRING "nettle 3.3"
| #define PACKAGE_BUGREPORT "nettle-bugs@lists.lysator.liu.se"
| #define PACKAGE_URL ""
| #define STDC_HEADERS 1
| #define HAVE_SYS_TYPES_H 1
| #define HAVE_SYS_STAT_H 1
| #define HAVE_STDLIB_H 1
| #define HAVE_STRING_H 1
| #define HAVE_MEMORY_H 1
| #define HAVE_STRINGS_H 1
| #define HAVE_INTTYPES_H 1
| #define HAVE_STDINT_H 1
| #define HAVE_UNISTD_H 1
| #define TIME_WITH_SYS_TIME 1
| #define SIZEOF_LONG 4
| #define SIZEOF_SIZE_T 4
| #define HAVE_OPENSSL_BLOWFISH_H 1
| #define HAVE_OPENSSL_DES_H 1
| #define HAVE_OPENSSL_CAST_H 1
| #define HAVE_OPENSSL_AES_H 1
| #define HAVE_OPENSSL_ECDSA_H 1
| #define HAVE_DLFCN_H 1
| #define HAVE_LIBDL 1
| #define HAVE_ALLOCA_H 1
| #define HAVE_ALLOCA 1
| #define HAVE_MALLOC_H 1
| #define HAVE_STRERROR 1
| /* end confdefs.h.  */
| /* Define secure_getenv to an innocuous variant, in case <limits.h> declares secure_getenv.
|    For example, HP-UX 11i <limits.h> declares gettimeofday.  */
| #define secure_getenv innocuous_secure_getenv
| 
| /* System header to define __stub macros and hopefully few prototypes,
|     which can conflict with char secure_getenv (); below.
|     Prefer <limits.h> to <assert.h> if __STDC__ is defined, since
|     <limits.h> exists even on freestanding compilers.  */
| 
| #ifdef __STDC__
| # include <limits.h>
| #else
| # include <assert.h>
| #endif
| 
| #undef secure_getenv
| 
| /* Override any GCC internal prototype to avoid an error.
|    Use char because int might match the return type of a GCC
|    builtin and then its argument prototype would still apply.  */
| #ifdef __cplusplus
| extern "C"
| #endif
| char secure_getenv ();
| /* The GNU C library defines this for functions which it implements
|     to always fail with ENOSYS.  Some functions are actually named
|     something starting with __ and the normal name is an alias.  */
| #if defined __stub_secure_getenv || defined __stub___secure_getenv
| choke me
| #endif
| 
| int
| main ()
| {
| return secure_getenv ();
|   ;
|   return 0;
| }
configure:5783: result: no
configure:5783: checking for getline
configure:5783: arm-brcm-linux-uclibcgnueabi-gcc -o conftest -O2 -Wall -DLINUX26 -DCONFIG_BCMWL5 -DCONFIG_BCMWL6 -DCONFIG_BCMWL6A -DPART_JFFS2_GAP=0UL -pipe -fno-strict-aliasing -DBCMWPA2 -DBCMARM -marm  -DTCONFIG_NVRAM_64K -DLINUX_KERNEL_VERSION=132644 -fPIC -ffunction-sections -fdata-sections -I/home/chengliye/advancedtomato-arm/release/src-rt-6.x.4708/router/gmp -L/home/chengliye/advancedtomato-arm/release/src-rt-6.x.4708/router/gmp/.libs -ffunction-sections -fdata-sections -Wl,--gc-sections -fPIC conftest.c  >&5
configure:5783: $? = 0
configure:5783: result: yes
configure:5792: checking whether byte ordering is bigendian
configure:5807: arm-brcm-linux-uclibcgnueabi-gcc -c -O2 -Wall -DLINUX26 -DCONFIG_BCMWL5 -DCONFIG_BCMWL6 -DCONFIG_BCMWL6A -DPART_JFFS2_GAP=0UL -pipe -fno-strict-aliasing -DBCMWPA2 -DBCMARM -marm  -DTCONFIG_NVRAM_64K -DLINUX_KERNEL_VERSION=132644 -fPIC -ffunction-sections -fdata-sections -I/home/chengliye/advancedtomato-arm/release/src-rt-6.x.4708/router/gmp conftest.c >&5
conftest.c:35:13: error: expected '=', ',', ';', 'asm' or '__attribute__' before 'a'
configure:5807: $? = 1
configure: failed program was:
| /* confdefs.h */
| #define PACKAGE_NAME "nettle"
| #define PACKAGE_TARNAME "nettle"
| #define PACKAGE_VERSION "3.3"
| #define PACKAGE_STRING "nettle 3.3"
| #define PACKAGE_BUGREPORT "nettle-bugs@lists.lysator.liu.se"
| #define PACKAGE_URL ""
| #define STDC_HEADERS 1
| #define HAVE_SYS_TYPES_H 1
| #define HAVE_SYS_STAT_H 1
| #define HAVE_STDLIB_H 1
| #define HAVE_STRING_H 1
| #define HAVE_MEMORY_H 1
| #define HAVE_STRINGS_H 1
| #define HAVE_INTTYPES_H 1
| #define HAVE_STDINT_H 1
| #define HAVE_UNISTD_H 1
| #define TIME_WITH_SYS_TIME 1
| #define SIZEOF_LONG 4
| #define SIZEOF_SIZE_T 4
| #define HAVE_OPENSSL_BLOWFISH_H 1
| #define HAVE_OPENSSL_DES_H 1
| #define HAVE_OPENSSL_CAST_H 1
| #define HAVE_OPENSSL_AES_H 1
| #define HAVE_OPENSSL_ECDSA_H 1
| #define HAVE_DLFCN_H 1
| #define HAVE_LIBDL 1
| #define HAVE_ALLOCA_H 1
| #define HAVE_ALLOCA 1
| #define HAVE_MALLOC_H 1
| #define HAVE_STRERROR 1
| #define HAVE_GETLINE 1
| /* end confdefs.h.  */
| #ifndef __APPLE_CC__
| 	       not a universal capable compiler
| 	     #endif
| 	     typedef int dummy;
| 
configure:5852: arm-brcm-linux-uclibcgnueabi-gcc -c -O2 -Wall -DLINUX26 -DCONFIG_BCMWL5 -DCONFIG_BCMWL6 -DCONFIG_BCMWL6A -DPART_JFFS2_GAP=0UL -pipe -fno-strict-aliasing -DBCMWPA2 -DBCMARM -marm  -DTCONFIG_NVRAM_64K -DLINUX_KERNEL_VERSION=132644 -fPIC -ffunction-sections -fdata-sections -I/home/chengliye/advancedtomato-arm/release/src-rt-6.x.4708/router/gmp conftest.c >&5
configure:5852: $? = 0
configure:5870: arm-brcm-linux-uclibcgnueabi-gcc -c -O2 -Wall -DLINUX26 -DCONFIG_BCMWL5 -DCONFIG_BCMWL6 -DCONFIG_BCMWL6A -DPART_JFFS2_GAP=0UL -pipe -fno-strict-aliasing -DBCMWPA2 -DBCMARM -marm  -DTCONFIG_NVRAM_64K -DLINUX_KERNEL_VERSION=132644 -fPIC -ffunction-sections -fdata-sections -I/home/chengliye/advancedtomato-arm/release/src-rt-6.x.4708/router/gmp conftest.c >&5
conftest.c: In function 'main':
conftest.c:41:4: error: 'not' undeclared (first use in this function)
conftest.c:41:4: note: each undeclared identifier is reported only once for each function it appears in
conftest.c:41:8: error: expected ';' before 'big'
configure:5870: $? = 1
configure: failed program was:
| /* confdefs.h */
| #define PACKAGE_NAME "nettle"
| #define PACKAGE_TARNAME "nettle"
| #define PACKAGE_VERSION "3.3"
| #define PACKAGE_STRING "nettle 3.3"
| #define PACKAGE_BUGREPORT "nettle-bugs@lists.lysator.liu.se"
| #define PACKAGE_URL ""
| #define STDC_HEADERS 1
| #define HAVE_SYS_TYPES_H 1
| #define HAVE_SYS_STAT_H 1
| #define HAVE_STDLIB_H 1
| #define HAVE_STRING_H 1
| #define HAVE_MEMORY_H 1
| #define HAVE_STRINGS_H 1
| #define HAVE_INTTYPES_H 1
| #define HAVE_STDINT_H 1
| #define HAVE_UNISTD_H 1
| #define TIME_WITH_SYS_TIME 1
| #define SIZEOF_LONG 4
| #define SIZEOF_SIZE_T 4
| #define HAVE_OPENSSL_BLOWFISH_H 1
| #define HAVE_OPENSSL_DES_H 1
| #define HAVE_OPENSSL_CAST_H 1
| #define HAVE_OPENSSL_AES_H 1
| #define HAVE_OPENSSL_ECDSA_H 1
| #define HAVE_DLFCN_H 1
| #define HAVE_LIBDL 1
| #define HAVE_ALLOCA_H 1
| #define HAVE_ALLOCA 1
| #define HAVE_MALLOC_H 1
| #define HAVE_STRERROR 1
| #define HAVE_GETLINE 1
| /* end confdefs.h.  */
| #include <sys/types.h>
| 		#include <sys/param.h>
| 
| int
| main ()
| {
| #if BYTE_ORDER != BIG_ENDIAN
| 		 not big endian
| 		#endif
| 
|   ;
|   return 0;
| }
configure:5998: result: no
configure:6017: checking for __attribute__
configure:6043: arm-brcm-linux-uclibcgnueabi-gcc -c -O2 -Wall -DLINUX26 -DCONFIG_BCMWL5 -DCONFIG_BCMWL6 -DCONFIG_BCMWL6A -DPART_JFFS2_GAP=0UL -pipe -fno-strict-aliasing -DBCMWPA2 -DBCMARM -marm  -DTCONFIG_NVRAM_64K -DLINUX_KERNEL_VERSION=132644 -fPIC -ffunction-sections -fdata-sections -I/home/chengliye/advancedtomato-arm/release/src-rt-6.x.4708/router/gmp conftest.c >&5
configure:6043: $? = 0
configure:6050: result: yes
configure:6064: checking for stdint types
configure:6087: arm-brcm-linux-uclibcgnueabi-gcc -c   conftest.c >&5
configure:6087: $? = 0
configure:6112: result: stdint.h (shortcircuit)
configure:6480: result: make use of stdint.h in nettle-stdint.h (assuming C99 compatible system)
configure:6490: checking for fcntl file locking
configure:6517: arm-brcm-linux-uclibcgnueabi-gcc -c -O2 -Wall -DLINUX26 -DCONFIG_BCMWL5 -DCONFIG_BCMWL6 -DCONFIG_BCMWL6A -DPART_JFFS2_GAP=0UL -pipe -fno-strict-aliasing -DBCMWPA2 -DBCMARM -marm  -DTCONFIG_NVRAM_64K -DLINUX_KERNEL_VERSION=132644 -fPIC -ffunction-sections -fdata-sections -I/home/chengliye/advancedtomato-arm/release/src-rt-6.x.4708/router/gmp conftest.c >&5
conftest.c: In function 'main':
conftest.c:49:14: warning: unused variable 'fl'
conftest.c:48:5: warning: unused variable 'op'
configure:6517: $? = 0
configure:6524: result: yes
configure:6536: checking for __gmpz_powm_sec in -lgmp
configure:6561: arm-brcm-linux-uclibcgnueabi-gcc -o conftest -O2 -Wall -DLINUX26 -DCONFIG_BCMWL5 -DCONFIG_BCMWL6 -DCONFIG_BCMWL6A -DPART_JFFS2_GAP=0UL -pipe -fno-strict-aliasing -DBCMWPA2 -DBCMARM -marm  -DTCONFIG_NVRAM_64K -DLINUX_KERNEL_VERSION=132644 -fPIC -ffunction-sections -fdata-sections -I/home/chengliye/advancedtomato-arm/release/src-rt-6.x.4708/router/gmp -L/home/chengliye/advancedtomato-arm/release/src-rt-6.x.4708/router/gmp/.libs -ffunction-sections -fdata-sections -Wl,--gc-sections -fPIC conftest.c -lgmp   >&5
configure:6561: $? = 0
configure:6570: result: yes
configure:6672: checking for GMP limb size
configure:6674: arm-brcm-linux-uclibcgnueabi-gcc -c -O2 -Wall -DLINUX26 -DCONFIG_BCMWL5 -DCONFIG_BCMWL6 -DCONFIG_BCMWL6A -DPART_JFFS2_GAP=0UL -pipe -fno-strict-aliasing -DBCMWPA2 -DBCMARM -marm  -DTCONFIG_NVRAM_64K -DLINUX_KERNEL_VERSION=132644 -fPIC -ffunction-sections -fdata-sections -I/home/chengliye/advancedtomato-arm/release/src-rt-6.x.4708/router/gmp conftest.c >&5
configure:6674: $? = 0
configure:6674: arm-brcm-linux-uclibcgnueabi-gcc -c -O2 -Wall -DLINUX26 -DCONFIG_BCMWL5 -DCONFIG_BCMWL6 -DCONFIG_BCMWL6A -DPART_JFFS2_GAP=0UL -pipe -fno-strict-aliasing -DBCMWPA2 -DBCMARM -marm  -DTCONFIG_NVRAM_64K -DLINUX_KERNEL_VERSION=132644 -fPIC -ffunction-sections -fdata-sections -I/home/chengliye/advancedtomato-arm/release/src-rt-6.x.4708/router/gmp conftest.c >&5
conftest.c: In function 'main':
conftest.c:41:12: error: size of array 'test_array' is negative
configure:6674: $? = 1
configure: failed program was:
| /* confdefs.h */
| #define PACKAGE_NAME "nettle"
| #define PACKAGE_TARNAME "nettle"
| #define PACKAGE_VERSION "3.3"
| #define PACKAGE_STRING "nettle 3.3"
| #define PACKAGE_BUGREPORT "nettle-bugs@lists.lysator.liu.se"
| #define PACKAGE_URL ""
| #define STDC_HEADERS 1
| #define HAVE_SYS_TYPES_H 1
| #define HAVE_SYS_STAT_H 1
| #define HAVE_STDLIB_H 1
| #define HAVE_STRING_H 1
| #define HAVE_MEMORY_H 1
| #define HAVE_STRINGS_H 1
| #define HAVE_INTTYPES_H 1
| #define HAVE_STDINT_H 1
| #define HAVE_UNISTD_H 1
| #define TIME_WITH_SYS_TIME 1
| #define SIZEOF_LONG 4
| #define SIZEOF_SIZE_T 4
| #define HAVE_OPENSSL_BLOWFISH_H 1
| #define HAVE_OPENSSL_DES_H 1
| #define HAVE_OPENSSL_CAST_H 1
| #define HAVE_OPENSSL_AES_H 1
| #define HAVE_OPENSSL_ECDSA_H 1
| #define HAVE_DLFCN_H 1
| #define HAVE_LIBDL 1
| #define HAVE_ALLOCA_H 1
| #define HAVE_ALLOCA 1
| #define HAVE_MALLOC_H 1
| #define HAVE_STRERROR 1
| #define HAVE_GETLINE 1
| #define HAVE_GCC_ATTRIBUTE 1
| #define HAVE_FCNTL_LOCKING 1
| #define HAVE_LIBGMP 1
| /* end confdefs.h.  */
| #include <gmp.h>
| int
| main ()
| {
| static int test_array [1 - 2 * !((GMP_NUMB_BITS) <= 0)];
| test_array [0] = 0;
| return test_array [0];
| 
|   ;
|   return 0;
| }
configure:6674: arm-brcm-linux-uclibcgnueabi-gcc -c -O2 -Wall -DLINUX26 -DCONFIG_BCMWL5 -DCONFIG_BCMWL6 -DCONFIG_BCMWL6A -DPART_JFFS2_GAP=0UL -pipe -fno-strict-aliasing -DBCMWPA2 -DBCMARM -marm  -DTCONFIG_NVRAM_64K -DLINUX_KERNEL_VERSION=132644 -fPIC -ffunction-sections -fdata-sections -I/home/chengliye/advancedtomato-arm/release/src-rt-6.x.4708/router/gmp conftest.c >&5
conftest.c: In function 'main':
conftest.c:41:12: error: size of array 'test_array' is negative
configure:6674: $? = 1
configure: failed program was:
| /* confdefs.h */
| #define PACKAGE_NAME "nettle"
| #define PACKAGE_TARNAME "nettle"
| #define PACKAGE_VERSION "3.3"
| #define PACKAGE_STRING "nettle 3.3"
| #define PACKAGE_BUGREPORT "nettle-bugs@lists.lysator.liu.se"
| #define PACKAGE_URL ""
| #define STDC_HEADERS 1
| #define HAVE_SYS_TYPES_H 1
| #define HAVE_SYS_STAT_H 1
| #define HAVE_STDLIB_H 1
| #define HAVE_STRING_H 1
| #define HAVE_MEMORY_H 1
| #define HAVE_STRINGS_H 1
| #define HAVE_INTTYPES_H 1
| #define HAVE_STDINT_H 1
| #define HAVE_UNISTD_H 1
| #define TIME_WITH_SYS_TIME 1
| #define SIZEOF_LONG 4
| #define SIZEOF_SIZE_T 4
| #define HAVE_OPENSSL_BLOWFISH_H 1
| #define HAVE_OPENSSL_DES_H 1
| #define HAVE_OPENSSL_CAST_H 1
| #define HAVE_OPENSSL_AES_H 1
| #define HAVE_OPENSSL_ECDSA_H 1
| #define HAVE_DLFCN_H 1
| #define HAVE_LIBDL 1
| #define HAVE_ALLOCA_H 1
| #define HAVE_ALLOCA 1
| #define HAVE_MALLOC_H 1
| #define HAVE_STRERROR 1
| #define HAVE_GETLINE 1
| #define HAVE_GCC_ATTRIBUTE 1
| #define HAVE_FCNTL_LOCKING 1
| #define HAVE_LIBGMP 1
| /* end confdefs.h.  */
| #include <gmp.h>
| int
| main ()
| {
| static int test_array [1 - 2 * !((GMP_NUMB_BITS) <= 1)];
| test_array [0] = 0;
| return test_array [0];
| 
|   ;
|   return 0;
| }
configure:6674: arm-brcm-linux-uclibcgnueabi-gcc -c -O2 -Wall -DLINUX26 -DCONFIG_BCMWL5 -DCONFIG_BCMWL6 -DCONFIG_BCMWL6A -DPART_JFFS2_GAP=0UL -pipe -fno-strict-aliasing -DBCMWPA2 -DBCMARM -marm  -DTCONFIG_NVRAM_64K -DLINUX_KERNEL_VERSION=132644 -fPIC -ffunction-sections -fdata-sections -I/home/chengliye/advancedtomato-arm/release/src-rt-6.x.4708/router/gmp conftest.c >&5
conftest.c: In function 'main':
conftest.c:41:12: error: size of array 'test_array' is negative
configure:6674: $? = 1
configure: failed program was:
| /* confdefs.h */
| #define PACKAGE_NAME "nettle"
| #define PACKAGE_TARNAME "nettle"
| #define PACKAGE_VERSION "3.3"
| #define PACKAGE_STRING "nettle 3.3"
| #define PACKAGE_BUGREPORT "nettle-bugs@lists.lysator.liu.se"
| #define PACKAGE_URL ""
| #define STDC_HEADERS 1
| #define HAVE_SYS_TYPES_H 1
| #define HAVE_SYS_STAT_H 1
| #define HAVE_STDLIB_H 1
| #define HAVE_STRING_H 1
| #define HAVE_MEMORY_H 1
| #define HAVE_STRINGS_H 1
| #define HAVE_INTTYPES_H 1
| #define HAVE_STDINT_H 1
| #define HAVE_UNISTD_H 1
| #define TIME_WITH_SYS_TIME 1
| #define SIZEOF_LONG 4
| #define SIZEOF_SIZE_T 4
| #define HAVE_OPENSSL_BLOWFISH_H 1
| #define HAVE_OPENSSL_DES_H 1
| #define HAVE_OPENSSL_CAST_H 1
| #define HAVE_OPENSSL_AES_H 1
| #define HAVE_OPENSSL_ECDSA_H 1
| #define HAVE_DLFCN_H 1
| #define HAVE_LIBDL 1
| #define HAVE_ALLOCA_H 1
| #define HAVE_ALLOCA 1
| #define HAVE_MALLOC_H 1
| #define HAVE_STRERROR 1
| #define HAVE_GETLINE 1
| #define HAVE_GCC_ATTRIBUTE 1
| #define HAVE_FCNTL_LOCKING 1
| #define HAVE_LIBGMP 1
| /* end confdefs.h.  */
| #include <gmp.h>
| int
| main ()
| {
| static int test_array [1 - 2 * !((GMP_NUMB_BITS) <= 3)];
| test_array [0] = 0;
| return test_array [0];
| 
|   ;
|   return 0;
| }
configure:6674: arm-brcm-linux-uclibcgnueabi-gcc -c -O2 -Wall -DLINUX26 -DCONFIG_BCMWL5 -DCONFIG_BCMWL6 -DCONFIG_BCMWL6A -DPART_JFFS2_GAP=0UL -pipe -fno-strict-aliasing -DBCMWPA2 -DBCMARM -marm  -DTCONFIG_NVRAM_64K -DLINUX_KERNEL_VERSION=132644 -fPIC -ffunction-sections -fdata-sections -I/home/chengliye/advancedtomato-arm/release/src-rt-6.x.4708/router/gmp conftest.c >&5
conftest.c: In function 'main':
conftest.c:41:12: error: size of array 'test_array' is negative
configure:6674: $? = 1
configure: failed program was:
| /* confdefs.h */
| #define PACKAGE_NAME "nettle"
| #define PACKAGE_TARNAME "nettle"
| #define PACKAGE_VERSION "3.3"
| #define PACKAGE_STRING "nettle 3.3"
| #define PACKAGE_BUGREPORT "nettle-bugs@lists.lysator.liu.se"
| #define PACKAGE_URL ""
| #define STDC_HEADERS 1
| #define HAVE_SYS_TYPES_H 1
| #define HAVE_SYS_STAT_H 1
| #define HAVE_STDLIB_H 1
| #define HAVE_STRING_H 1
| #define HAVE_MEMORY_H 1
| #define HAVE_STRINGS_H 1
| #define HAVE_INTTYPES_H 1
| #define HAVE_STDINT_H 1
| #define HAVE_UNISTD_H 1
| #define TIME_WITH_SYS_TIME 1
| #define SIZEOF_LONG 4
| #define SIZEOF_SIZE_T 4
| #define HAVE_OPENSSL_BLOWFISH_H 1
| #define HAVE_OPENSSL_DES_H 1
| #define HAVE_OPENSSL_CAST_H 1
| #define HAVE_OPENSSL_AES_H 1
| #define HAVE_OPENSSL_ECDSA_H 1
| #define HAVE_DLFCN_H 1
| #define HAVE_LIBDL 1
| #define HAVE_ALLOCA_H 1
| #define HAVE_ALLOCA 1
| #define HAVE_MALLOC_H 1
| #define HAVE_STRERROR 1
| #define HAVE_GETLINE 1
| #define HAVE_GCC_ATTRIBUTE 1
| #define HAVE_FCNTL_LOCKING 1
| #define HAVE_LIBGMP 1
| /* end confdefs.h.  */
| #include <gmp.h>
| int
| main ()
| {
| static int test_array [1 - 2 * !((GMP_NUMB_BITS) <= 7)];
| test_array [0] = 0;
| return test_array [0];
| 
|   ;
|   return 0;
| }
configure:6674: arm-brcm-linux-uclibcgnueabi-gcc -c -O2 -Wall -DLINUX26 -DCONFIG_BCMWL5 -DCONFIG_BCMWL6 -DCONFIG_BCMWL6A -DPART_JFFS2_GAP=0UL -pipe -fno-strict-aliasing -DBCMWPA2 -DBCMARM -marm  -DTCONFIG_NVRAM_64K -DLINUX_KERNEL_VERSION=132644 -fPIC -ffunction-sections -fdata-sections -I/home/chengliye/advancedtomato-arm/release/src-rt-6.x.4708/router/gmp conftest.c >&5
conftest.c: In function 'main':
conftest.c:41:12: error: size of array 'test_array' is negative
configure:6674: $? = 1
configure: failed program was:
| /* confdefs.h */
| #define PACKAGE_NAME "nettle"
| #define PACKAGE_TARNAME "nettle"
| #define PACKAGE_VERSION "3.3"
| #define PACKAGE_STRING "nettle 3.3"
| #define PACKAGE_BUGREPORT "nettle-bugs@lists.lysator.liu.se"
| #define PACKAGE_URL ""
| #define STDC_HEADERS 1
| #define HAVE_SYS_TYPES_H 1
| #define HAVE_SYS_STAT_H 1
| #define HAVE_STDLIB_H 1
| #define HAVE_STRING_H 1
| #define HAVE_MEMORY_H 1
| #define HAVE_STRINGS_H 1
| #define HAVE_INTTYPES_H 1
| #define HAVE_STDINT_H 1
| #define HAVE_UNISTD_H 1
| #define TIME_WITH_SYS_TIME 1
| #define SIZEOF_LONG 4
| #define SIZEOF_SIZE_T 4
| #define HAVE_OPENSSL_BLOWFISH_H 1
| #define HAVE_OPENSSL_DES_H 1
| #define HAVE_OPENSSL_CAST_H 1
| #define HAVE_OPENSSL_AES_H 1
| #define HAVE_OPENSSL_ECDSA_H 1
| #define HAVE_DLFCN_H 1
| #define HAVE_LIBDL 1
| #define HAVE_ALLOCA_H 1
| #define HAVE_ALLOCA 1
| #define HAVE_MALLOC_H 1
| #define HAVE_STRERROR 1
| #define HAVE_GETLINE 1
| #define HAVE_GCC_ATTRIBUTE 1
| #define HAVE_FCNTL_LOCKING 1
| #define HAVE_LIBGMP 1
| /* end confdefs.h.  */
| #include <gmp.h>
| int
| main ()
| {
| static int test_array [1 - 2 * !((GMP_NUMB_BITS) <= 15)];
| test_array [0] = 0;
| return test_array [0];
| 
|   ;
|   return 0;
| }
configure:6674: arm-brcm-linux-uclibcgnueabi-gcc -c -O2 -Wall -DLINUX26 -DCONFIG_BCMWL5 -DCONFIG_BCMWL6 -DCONFIG_BCMWL6A -DPART_JFFS2_GAP=0UL -pipe -fno-strict-aliasing -DBCMWPA2 -DBCMARM -marm  -DTCONFIG_NVRAM_64K -DLINUX_KERNEL_VERSION=132644 -fPIC -ffunction-sections -fdata-sections -I/home/chengliye/advancedtomato-arm/release/src-rt-6.x.4708/router/gmp conftest.c >&5
conftest.c: In function 'main':
conftest.c:41:12: error: size of array 'test_array' is negative
configure:6674: $? = 1
configure: failed program was:
| /* confdefs.h */
| #define PACKAGE_NAME "nettle"
| #define PACKAGE_TARNAME "nettle"
| #define PACKAGE_VERSION "3.3"
| #define PACKAGE_STRING "nettle 3.3"
| #define PACKAGE_BUGREPORT "nettle-bugs@lists.lysator.liu.se"
| #define PACKAGE_URL ""
| #define STDC_HEADERS 1
| #define HAVE_SYS_TYPES_H 1
| #define HAVE_SYS_STAT_H 1
| #define HAVE_STDLIB_H 1
| #define HAVE_STRING_H 1
| #define HAVE_MEMORY_H 1
| #define HAVE_STRINGS_H 1
| #define HAVE_INTTYPES_H 1
| #define HAVE_STDINT_H 1
| #define HAVE_UNISTD_H 1
| #define TIME_WITH_SYS_TIME 1
| #define SIZEOF_LONG 4
| #define SIZEOF_SIZE_T 4
| #define HAVE_OPENSSL_BLOWFISH_H 1
| #define HAVE_OPENSSL_DES_H 1
| #define HAVE_OPENSSL_CAST_H 1
| #define HAVE_OPENSSL_AES_H 1
| #define HAVE_OPENSSL_ECDSA_H 1
| #define HAVE_DLFCN_H 1
| #define HAVE_LIBDL 1
| #define HAVE_ALLOCA_H 1
| #define HAVE_ALLOCA 1
| #define HAVE_MALLOC_H 1
| #define HAVE_STRERROR 1
| #define HAVE_GETLINE 1
| #define HAVE_GCC_ATTRIBUTE 1
| #define HAVE_FCNTL_LOCKING 1
| #define HAVE_LIBGMP 1
| /* end confdefs.h.  */
| #include <gmp.h>
| int
| main ()
| {
| static int test_array [1 - 2 * !((GMP_NUMB_BITS) <= 31)];
| test_array [0] = 0;
| return test_array [0];
| 
|   ;
|   return 0;
| }
configure:6674: arm-brcm-linux-uclibcgnueabi-gcc -c -O2 -Wall -DLINUX26 -DCONFIG_BCMWL5 -DCONFIG_BCMWL6 -DCONFIG_BCMWL6A -DPART_JFFS2_GAP=0UL -pipe -fno-strict-aliasing -DBCMWPA2 -DBCMARM -marm  -DTCONFIG_NVRAM_64K -DLINUX_KERNEL_VERSION=132644 -fPIC -ffunction-sections -fdata-sections -I/home/chengliye/advancedtomato-arm/release/src-rt-6.x.4708/router/gmp conftest.c >&5
configure:6674: $? = 0
configure:6674: arm-brcm-linux-uclibcgnueabi-gcc -c -O2 -Wall -DLINUX26 -DCONFIG_BCMWL5 -DCONFIG_BCMWL6 -DCONFIG_BCMWL6A -DPART_JFFS2_GAP=0UL -pipe -fno-strict-aliasing -DBCMWPA2 -DBCMARM -marm  -DTCONFIG_NVRAM_64K -DLINUX_KERNEL_VERSION=132644 -fPIC -ffunction-sections -fdata-sections -I/home/chengliye/advancedtomato-arm/release/src-rt-6.x.4708/router/gmp conftest.c >&5
configure:6674: $? = 0
configure:6674: arm-brcm-linux-uclibcgnueabi-gcc -c -O2 -Wall -DLINUX26 -DCONFIG_BCMWL5 -DCONFIG_BCMWL6 -DCONFIG_BCMWL6A -DPART_JFFS2_GAP=0UL -pipe -fno-strict-aliasing -DBCMWPA2 -DBCMARM -marm  -DTCONFIG_NVRAM_64K -DLINUX_KERNEL_VERSION=132644 -fPIC -ffunction-sections -fdata-sections -I/home/chengliye/advancedtomato-arm/release/src-rt-6.x.4708/router/gmp conftest.c >&5
configure:6674: $? = 0
configure:6674: arm-brcm-linux-uclibcgnueabi-gcc -c -O2 -Wall -DLINUX26 -DCONFIG_BCMWL5 -DCONFIG_BCMWL6 -DCONFIG_BCMWL6A -DPART_JFFS2_GAP=0UL -pipe -fno-strict-aliasing -DBCMWPA2 -DBCMARM -marm  -DTCONFIG_NVRAM_64K -DLINUX_KERNEL_VERSION=132644 -fPIC -ffunction-sections -fdata-sections -I/home/chengliye/advancedtomato-arm/release/src-rt-6.x.4708/router/gmp conftest.c >&5
configure:6674: $? = 0
configure:6674: arm-brcm-linux-uclibcgnueabi-gcc -c -O2 -Wall -DLINUX26 -DCONFIG_BCMWL5 -DCONFIG_BCMWL6 -DCONFIG_BCMWL6A -DPART_JFFS2_GAP=0UL -pipe -fno-strict-aliasing -DBCMWPA2 -DBCMARM -marm  -DTCONFIG_NVRAM_64K -DLINUX_KERNEL_VERSION=132644 -fPIC -ffunction-sections -fdata-sections -I/home/chengliye/advancedtomato-arm/release/src-rt-6.x.4708/router/gmp conftest.c >&5
configure:6674: $? = 0
configure:6674: arm-brcm-linux-uclibcgnueabi-gcc -c -O2 -Wall -DLINUX26 -DCONFIG_BCMWL5 -DCONFIG_BCMWL6 -DCONFIG_BCMWL6A -DPART_JFFS2_GAP=0UL -pipe -fno-strict-aliasing -DBCMWPA2 -DBCMARM -marm  -DTCONFIG_NVRAM_64K -DLINUX_KERNEL_VERSION=132644 -fPIC -ffunction-sections -fdata-sections -I/home/chengliye/advancedtomato-arm/release/src-rt-6.x.4708/router/gmp conftest.c >&5
configure:6674: $? = 0
configure:6684: result: 32 bits
configure:6968: Looking for assembler files in arm.
configure:7059: checking CCPIC
configure:7103: arm-brcm-linux-uclibcgnueabi-gcc -c -O2 -Wall -DLINUX26 -DCONFIG_BCMWL5 -DCONFIG_BCMWL6 -DCONFIG_BCMWL6A -DPART_JFFS2_GAP=0UL -pipe -fno-strict-aliasing -DBCMWPA2 -DBCMARM -marm  -DTCONFIG_NVRAM_64K -DLINUX_KERNEL_VERSION=132644 -fPIC -ffunction-sections -fdata-sections -fpic -I/home/chengliye/advancedtomato-arm/release/src-rt-6.x.4708/router/gmp conftest.c >&5
conftest.c: In function 'main':
conftest.c:46:1: warning: implicit declaration of function 'exit'
conftest.c:46:1: warning: incompatible implicit declaration of built-in function 'exit'
configure:7103: $? = 0
configure:7114: result: -fpic
configure:7227: checking if globals are prefixed by underscore
configure:7238: arm-brcm-linux-uclibcgnueabi-gcc -c -O2 -Wall -DLINUX26 -DCONFIG_BCMWL5 -DCONFIG_BCMWL6 -DCONFIG_BCMWL6A -DPART_JFFS2_GAP=0UL -pipe -fno-strict-aliasing -DBCMWPA2 -DBCMARM -marm  -DTCONFIG_NVRAM_64K -DLINUX_KERNEL_VERSION=132644 -fPIC -ffunction-sections -fdata-sections -I/home/chengliye/advancedtomato-arm/release/src-rt-6.x.4708/router/gmp conftest.c >&5
configure:7238: $? = 0
configure:7254: result: no
configure:7260: checking for ELF-style .type,%function pseudo-ops
configure:7277: arm-brcm-linux-uclibcgnueabi-gcc -O2 -Wall -DLINUX26 -DCONFIG_BCMWL5 -DCONFIG_BCMWL6 -DCONFIG_BCMWL6A -DPART_JFFS2_GAP=0UL -pipe -fno-strict-aliasing -DBCMWPA2 -DBCMARM -marm  -DTCONFIG_NVRAM_64K -DLINUX_KERNEL_VERSION=132644 -fPIC -ffunction-sections -fdata-sections -I/home/chengliye/advancedtomato-arm/release/src-rt-6.x.4708/router/gmp -c conftest.s >conftest.out 2>&1
configure:7280: $? = 0
configure:7293: result: yes
configure:7296: checking for ELF-style .type,#function pseudo-ops
configure:7313: arm-brcm-linux-uclibcgnueabi-gcc -O2 -Wall -DLINUX26 -DCONFIG_BCMWL5 -DCONFIG_BCMWL6 -DCONFIG_BCMWL6A -DPART_JFFS2_GAP=0UL -pipe -fno-strict-aliasing -DBCMWPA2 -DBCMARM -marm  -DTCONFIG_NVRAM_64K -DLINUX_KERNEL_VERSION=132644 -fPIC -ffunction-sections -fdata-sections -I/home/chengliye/advancedtomato-arm/release/src-rt-6.x.4708/router/gmp -c conftest.s >conftest.out 2>&1
configure:7316: $? = 0
configure:7329: result: yes
configure:7344: checking for COFF-style .type directive
configure:7361: arm-brcm-linux-uclibcgnueabi-gcc -O2 -Wall -DLINUX26 -DCONFIG_BCMWL5 -DCONFIG_BCMWL6 -DCONFIG_BCMWL6A -DPART_JFFS2_GAP=0UL -pipe -fno-strict-aliasing -DBCMWPA2 -DBCMARM -marm  -DTCONFIG_NVRAM_64K -DLINUX_KERNEL_VERSION=132644 -fPIC -ffunction-sections -fdata-sections -I/home/chengliye/advancedtomato-arm/release/src-rt-6.x.4708/router/gmp -c conftest.s >conftest.out 2>&1
configure:7364: $? = 1
conftest.s: Assembler messages:
conftest.s:4: Error: unknown pseudo-op: `.def'
conftest.s:5: Error: unknown pseudo-op: `.scl'
conftest.s:6: Error: Missing symbol name in directive
conftest.s:6: Error: unrecognized symbol type "32"
conftest.s:7: Error: unknown pseudo-op: `.endef'
configure: failed program was:

.text
.globl _foo
.def _foo
.scl 2
.type 32
.endef
_foo:

configure:7377: result: no
configure:7383: checking if we should use a .note.GNU-stack section
configure:7395: arm-brcm-linux-uclibcgnueabi-gcc -O2 -Wall -DLINUX26 -DCONFIG_BCMWL5 -DCONFIG_BCMWL6 -DCONFIG_BCMWL6A -DPART_JFFS2_GAP=0UL -pipe -fno-strict-aliasing -DBCMWPA2 -DBCMARM -marm  -DTCONFIG_NVRAM_64K -DLINUX_KERNEL_VERSION=132644 -fPIC -ffunction-sections -fdata-sections -I/home/chengliye/advancedtomato-arm/release/src-rt-6.x.4708/router/gmp -c conftest.c >conftest.out 2>&1
configure:7398: $? = 0
configure:7410: result: yes
configure:7416: checking if .align assembly directive is logarithmic
configure:7427: arm-brcm-linux-uclibcgnueabi-gcc -O2 -Wall -DLINUX26 -DCONFIG_BCMWL5 -DCONFIG_BCMWL6 -DCONFIG_BCMWL6A -DPART_JFFS2_GAP=0UL -pipe -fno-strict-aliasing -DBCMWPA2 -DBCMARM -marm  -DTCONFIG_NVRAM_64K -DLINUX_KERNEL_VERSION=132644 -fPIC -ffunction-sections -fdata-sections -I/home/chengliye/advancedtomato-arm/release/src-rt-6.x.4708/router/gmp -c conftest.s >conftest.out 2>&1
configure:7430: $? = 0
configure:7443: result: yes
configure:7478: checking for m4
configure:7496: found /usr/bin/m4
configure:7509: result: /usr/bin/m4
configure:7627: checking for BF_ecb_encrypt in -lcrypto
configure:7652: arm-brcm-linux-uclibcgnueabi-gcc -o conftest -O2 -Wall -DLINUX26 -DCONFIG_BCMWL5 -DCONFIG_BCMWL6 -DCONFIG_BCMWL6A -DPART_JFFS2_GAP=0UL -pipe -fno-strict-aliasing -DBCMWPA2 -DBCMARM -marm  -DTCONFIG_NVRAM_64K -DLINUX_KERNEL_VERSION=132644 -fPIC -ffunction-sections -fdata-sections -I/home/chengliye/advancedtomato-arm/release/src-rt-6.x.4708/router/gmp -L/home/chengliye/advancedtomato-arm/release/src-rt-6.x.4708/router/gmp/.libs -ffunction-sections -fdata-sections -Wl,--gc-sections -fPIC conftest.c -lcrypto  -lgmp  >&5
configure:7652: $? = 0
configure:7661: result: yes
configure:7687: checking for library containing clock_gettime
configure:7718: arm-brcm-linux-uclibcgnueabi-gcc -o conftest -O2 -Wall -DLINUX26 -DCONFIG_BCMWL5 -DCONFIG_BCMWL6 -DCONFIG_BCMWL6A -DPART_JFFS2_GAP=0UL -pipe -fno-strict-aliasing -DBCMWPA2 -DBCMARM -marm  -DTCONFIG_NVRAM_64K -DLINUX_KERNEL_VERSION=132644 -fPIC -ffunction-sections -fdata-sections -I/home/chengliye/advancedtomato-arm/release/src-rt-6.x.4708/router/gmp -L/home/chengliye/advancedtomato-arm/release/src-rt-6.x.4708/router/gmp/.libs -ffunction-sections -fdata-sections -Wl,--gc-sections -fPIC conftest.c -lgmp  >&5
configure:7718: $? = 0
configure:7735: result: none required
configure:7896: creating ./config.status

## ---------------------- ##
## Running config.status. ##
## ---------------------- ##

This file was extended by nettle config.status 3.3, which was
generated by GNU Autoconf 2.69.  Invocation command line was

  CONFIG_FILES    = 
  CONFIG_HEADERS  = 
  CONFIG_LINKS    = 
  CONFIG_COMMANDS = 
  $ ./config.status 

on ubuntu

config.status:952: creating config.make
config.status:952: creating config.m4
config.status:952: creating Makefile
config.status:952: creating version.h
config.status:952: creating tools/Makefile
config.status:952: creating testsuite/Makefile
config.status:952: creating examples/Makefile
config.status:952: creating nettle.pc
config.status:952: creating hogweed.pc
config.status:952: creating libnettle.map
config.status:952: creating libhogweed.map
config.status:952: creating config.h
config.status:1159: linking arm/aes-encrypt-internal.asm to aes-encrypt-internal.asm
config.status:1159: linking arm/aes-decrypt-internal.asm to aes-decrypt-internal.asm
config.status:1159: linking arm/memxor.asm to memxor.asm
config.status:1159: linking arm/memxor3.asm to memxor3.asm
config.status:1159: linking arm/machine.m4 to machine.m4
config.status:1159: linking arm/ecc-192-modp.asm to ecc-192-modp.asm
config.status:1159: linking arm/ecc-224-modp.asm to ecc-224-modp.asm
config.status:1159: linking arm/ecc-256-redc.asm to ecc-256-redc.asm
config.status:1159: linking arm/ecc-384-modp.asm to ecc-384-modp.asm
config.status:1159: linking arm/ecc-521-modp.asm to ecc-521-modp.asm
config.status:1178: executing dummy-dep-files commands
config.status:1178: executing nettle-stdint.h commands
config.status:1191: creating nettle-stdint.h : __NETTLE_STDINT_H
configure:9554: summary of build options:

  Version:           nettle 3.3
  Host type:         arm-unknown-linux-gnu
  ABI:               standard
  Assembly files:    arm
  Install prefix:    /home/chengliye/advancedtomato-arm/release/src-rt-6.x.4708/router/nettle
  Library directory: ${exec_prefix}/lib
  Compiler:          arm-brcm-linux-uclibcgnueabi-gcc
  Static libraries:  yes
  Shared libraries:  yes
  Public key crypto: yes
  Using mini-gmp:    no
  Documentation:     no


## ---------------- ##
## Cache variables. ##
## ---------------- ##

ac_cv_build=x86_64-pc-linux-gnu
ac_cv_c_bigendian=no
ac_cv_c_compiler_gnu=yes
ac_cv_c_const=yes
ac_cv_c_inline=inline
ac_cv_cxx_compiler_gnu=yes
ac_cv_env_CCC_set=
ac_cv_env_CCC_value=
ac_cv_env_CC_FOR_BUILD_set=
ac_cv_env_CC_FOR_BUILD_value=
ac_cv_env_CC_set=set
ac_cv_env_CC_value=arm-brcm-linux-uclibcgnueabi-gcc
ac_cv_env_CFLAGS_set=set
ac_cv_env_CFLAGS_value='-O2 -Wall -DLINUX26 -DCONFIG_BCMWL5 -DCONFIG_BCMWL6 -DCONFIG_BCMWL6A -DPART_JFFS2_GAP=0UL -pipe -fno-strict-aliasing -DBCMWPA2 -DBCMARM -marm  -DTCONFIG_NVRAM_64K -DLINUX_KERNEL_VERSION=132644 -fPIC -ffunction-sections -fdata-sections'
ac_cv_env_CPPFLAGS_set=set
ac_cv_env_CPPFLAGS_value=-I/home/chengliye/advancedtomato-arm/release/src-rt-6.x.4708/router/gmp
ac_cv_env_CPP_set=
ac_cv_env_CPP_value=
ac_cv_env_CXXFLAGS_set=
ac_cv_env_CXXFLAGS_value=
ac_cv_env_CXX_set=
ac_cv_env_CXX_value=
ac_cv_env_LDFLAGS_set=set
ac_cv_env_LDFLAGS_value='-L/home/chengliye/advancedtomato-arm/release/src-rt-6.x.4708/router/gmp/.libs -ffunction-sections -fdata-sections -Wl,--gc-sections -fPIC'
ac_cv_env_LIBS_set=
ac_cv_env_LIBS_value=
ac_cv_env_build_alias_set=set
ac_cv_env_build_alias_value=x86_64-linux-gnu
ac_cv_env_host_alias_set=set
ac_cv_env_host_alias_value=arm-linux
ac_cv_env_target_alias_set=
ac_cv_env_target_alias_value=
ac_cv_func_alloca_works=yes
ac_cv_func_getline=yes
ac_cv_func_malloc_0_nonnull=yes
ac_cv_func_secure_getenv=no
ac_cv_func_strerror=yes
ac_cv_header_dlfcn_h=yes
ac_cv_header_inttypes_h=yes
ac_cv_header_malloc_h=yes
ac_cv_header_memory_h=yes
ac_cv_header_openssl_aes_h=yes
ac_cv_header_openssl_blowfish_h=yes
ac_cv_header_openssl_cast_h=yes
ac_cv_header_openssl_des_h=yes
ac_cv_header_openssl_ecdsa_h=yes
ac_cv_header_stdc=yes
ac_cv_header_stdint=stdint.h
ac_cv_header_stdint_h=yes
ac_cv_header_stdint_t=stdint.h
ac_cv_header_stdlib_h=yes
ac_cv_header_string_h=yes
ac_cv_header_strings_h=yes
ac_cv_header_sys_stat_h=yes
ac_cv_header_sys_types_h=yes
ac_cv_header_time=yes
ac_cv_header_unistd_h=yes
ac_cv_header_valgrind_memcheck_h=no
ac_cv_host=arm-unknown-linux-gnu
ac_cv_lib_crypto_BF_ecb_encrypt=yes
ac_cv_lib_dl_dlopen=yes
ac_cv_lib_gmp___gmpz_powm_sec=yes
ac_cv_objext=o
ac_cv_path_EGREP='/bin/grep -E'
ac_cv_path_GREP=/bin/grep
ac_cv_path_M4=/usr/bin/m4
ac_cv_path_install='/usr/bin/install -c'
ac_cv_path_mkdir=/bin/mkdir
ac_cv_prog_AR=arm-brcm-linux-uclibcgnueabi-ar
ac_cv_prog_CC=arm-brcm-linux-uclibcgnueabi-gcc
ac_cv_prog_CPP='arm-brcm-linux-uclibcgnueabi-gcc -E'
ac_cv_prog_CXX=arm-linux-g++
ac_cv_prog_NM=arm-brcm-linux-uclibcgnueabi-nm
ac_cv_prog_RANLIB=arm-brcm-linux-uclibcgnueabi-ranlib
ac_cv_prog_ac_ct_OBJDUMP=objdump
ac_cv_prog_cc_c89=
ac_cv_prog_cc_g=yes
ac_cv_prog_cxx_g=yes
ac_cv_prog_make_make_set=yes
ac_cv_search_clock_gettime='none required'
ac_cv_sizeof_long=4
ac_cv_sizeof_size_t=4
ac_cv_stdint_message='using gnu compiler arm-brcm-linux-uclibcgnueabi-gcc (Buildroot 2012.02) 4.5.3'
ac_cv_stdint_result='(assuming C99 compatible system)'
ac_cv_type_size_t=yes
ac_cv_type_uid_t=yes
ac_cv_working_alloca_h=yes
gmp_cv_prog_exeext_for_build=
lsh_cv_c_attribute=yes
lsh_cv_sys_ccpic=-fpic
nettle_cv_asm_align_log=yes
nettle_cv_asm_coff_type=no
nettle_cv_asm_gnu_stack=yes
nettle_cv_asm_type_hash_function=yes
nettle_cv_asm_type_percent_function=yes
nettle_cv_asm_underscore=no
nettle_cv_fcntl_locking=yes
nettle_cv_gmp_numb_bits=32
nettle_cv_link_ifunc=no

## ----------------- ##
## Output variables. ##
## ----------------- ##

ALLOCA=''
AR='arm-brcm-linux-uclibcgnueabi-ar'
ASM_ALIGN_LOG='yes'
ASM_COFF_STYLE='no'
ASM_ELF_STYLE='yes'
ASM_MARK_NOEXEC_STACK='.section .note.GNU-stack,"",TYPE_PROGBITS'
ASM_RODATA='.section .rodata'
ASM_SYMBOL_PREFIX=''
ASM_TYPE_FUNCTION='%function'
ASM_TYPE_PROGBITS='%progbits'
BENCH_LIBS='-lgmp '
CC='arm-brcm-linux-uclibcgnueabi-gcc'
CCPIC='-fpic'
CC_FOR_BUILD='gcc -O'
CFLAGS='-O2 -Wall -DLINUX26 -DCONFIG_BCMWL5 -DCONFIG_BCMWL6 -DCONFIG_BCMWL6A -DPART_JFFS2_GAP=0UL -pipe -fno-strict-aliasing -DBCMWPA2 -DBCMARM -marm  -DTCONFIG_NVRAM_64K -DLINUX_KERNEL_VERSION=132644 -fPIC -ffunction-sections -fdata-sections -ggdb3 -Wno-pointer-sign -Wall -W   -Wmissing-prototypes -Wmissing-declarations -Wstrict-prototypes   -Wpointer-arith -Wbad-function-cast -Wnested-externs'
CPP='arm-brcm-linux-uclibcgnueabi-gcc -E'
CPPFLAGS='-I/home/chengliye/advancedtomato-arm/release/src-rt-6.x.4708/router/gmp'
CXX='arm-linux-g++'
CXXFLAGS='-g -O2'
DEFS='-DHAVE_CONFIG_H'
DEP_FLAGS='-MT $@ -MD -MP -MF $@.d'
DEP_INCLUDE='include '
DEP_PROCESS='true'
ECHO_C=''
ECHO_N='-n'
ECHO_T=''
EGREP='/bin/grep -E'
EMULATOR=''
EXEEXT=''
EXEEXT_FOR_BUILD=''
EXTRA_HOGWEED_LINKER_FLAGS='-Wl,--version-script=libhogweed.map'
EXTRA_LINKER_FLAGS='-Wl,--version-script=libnettle.map'
GMP_NUMB_BITS='32'
GREP='/bin/grep'
HOGWEED_EXTRA_SYMBOLS=''
IF_ASM=''
IF_CXX=''
IF_DLL='#'
IF_DLOPEN_TEST=''
IF_DOCUMENTATION='#'
IF_HOGWEED=''
IF_MINI_GMP='#'
IF_NOT_SHARED='#'
IF_SHARED=''
IF_STATIC=''
INSTALL_DATA='${INSTALL} -m 644'
INSTALL_PROGRAM='${INSTALL}'
INSTALL_SCRIPT='${INSTALL}'
LDFLAGS='-L/home/chengliye/advancedtomato-arm/release/src-rt-6.x.4708/router/gmp/.libs -ffunction-sections -fdata-sections -Wl,--gc-sections -fPIC'
LIBHOGWEED_FILE='$(LIBHOGWEED_SONAME).$(LIBHOGWEED_MINOR)'
LIBHOGWEED_FILE_SRC='$(LIBHOGWEED_FORLINK)'
LIBHOGWEED_FORLINK='libhogweed.so'
LIBHOGWEED_LIBS='libnettle.so $(LIBS)'
LIBHOGWEED_LINK='$(CC) $(CFLAGS) $(LDFLAGS) -shared -Wl,-soname=$(LIBHOGWEED_SONAME)'
LIBHOGWEED_MAJOR='4'
LIBHOGWEED_MINOR='3'
LIBHOGWEED_SONAME='$(LIBHOGWEED_FORLINK).$(LIBHOGWEED_MAJOR)'
LIBNETTLE_FILE='$(LIBNETTLE_SONAME).$(LIBNETTLE_MINOR)'
LIBNETTLE_FILE_SRC='$(LIBNETTLE_FORLINK)'
LIBNETTLE_FORLINK='libnettle.so'
LIBNETTLE_LIBS=''
LIBNETTLE_LINK='$(CC) $(CFLAGS) $(LDFLAGS) -shared -Wl,-soname=$(LIBNETTLE_SONAME)'
LIBNETTLE_MAJOR='6'
LIBNETTLE_MINOR='3'
LIBNETTLE_SONAME='$(LIBNETTLE_FORLINK).$(LIBNETTLE_MAJOR)'
LIBOBJS=''
LIBS='-lgmp '
LN_S='ln -s'
LTLIBOBJS=''
M4='/usr/bin/m4'
MAJOR_VERSION='3'
MAKEINFO=''
MINOR_VERSION='3'
MKDIR_P='/bin/mkdir -p'
NETTLE_USE_MINI_GMP='0'
NM='arm-brcm-linux-uclibcgnueabi-nm'
OBJDUMP='objdump'
OBJEXT='o'
OPENSSL_LIBFLAGS='-lcrypto'
OPT_HOGWEED_OBJS=' ecc-192-modp.$(OBJEXT) ecc-224-modp.$(OBJEXT) ecc-256-redc.$(OBJEXT) ecc-384-modp.$(OBJEXT) ecc-521-modp.$(OBJEXT)'
OPT_NETTLE_OBJS=''
OPT_NETTLE_SOURCES=''
PACKAGE_BUGREPORT='nettle-bugs@lists.lysator.liu.se'
PACKAGE_NAME='nettle'
PACKAGE_STRING='nettle 3.3'
PACKAGE_TARNAME='nettle'
PACKAGE_URL=''
PACKAGE_VERSION='3.3'
PATH_SEPARATOR=':'
RANLIB='arm-brcm-linux-uclibcgnueabi-ranlib'
SET_MAKE=''
SHELL='/bin/bash'
W64_ABI='no'
ac_ct_CC=''
ac_ct_CXX=''
bindir='${exec_prefix}/bin'
build='x86_64-pc-linux-gnu'
build_alias='x86_64-linux-gnu'
build_cpu='x86_64'
build_os='linux-gnu'
build_vendor='pc'
datadir='${datarootdir}'
datarootdir='${prefix}/share'
docdir='${datarootdir}/doc/${PACKAGE_TARNAME}'
dvidir='${docdir}'
exec_prefix='${prefix}'
host='arm-unknown-linux-gnu'
host_alias='arm-linux'
host_cpu='arm'
host_os='linux-gnu'
host_vendor='unknown'
htmldir='${docdir}'
includedir='${prefix}/include'
infodir='${datarootdir}/info'
libdir='${exec_prefix}/lib'
libexecdir='${exec_prefix}/libexec'
localedir='${datarootdir}/locale'
localstatedir='${prefix}/var'
mandir='${datarootdir}/man'
oldincludedir='/usr/include'
pdfdir='${docdir}'
prefix='/home/chengliye/advancedtomato-arm/release/src-rt-6.x.4708/router/nettle'
program_transform_name='s,x,x,'
psdir='${docdir}'
sbindir='${exec_prefix}/sbin'
sharedstatedir='${prefix}/com'
sysconfdir='${prefix}/etc'
target_alias=''

## ----------- ##
## confdefs.h. ##
## ----------- ##

/* confdefs.h */
#define PACKAGE_NAME "nettle"
#define PACKAGE_TARNAME "nettle"
#define PACKAGE_VERSION "3.3"
#define PACKAGE_STRING "nettle 3.3"
#define PACKAGE_BUGREPORT "nettle-bugs@lists.lysator.liu.se"
#define PACKAGE_URL ""
#define STDC_HEADERS 1
#define HAVE_SYS_TYPES_H 1
#define HAVE_SYS_STAT_H 1
#define HAVE_STDLIB_H 1
#define HAVE_STRING_H 1
#define HAVE_MEMORY_H 1
#define HAVE_STRINGS_H 1
#define HAVE_INTTYPES_H 1
#define HAVE_STDINT_H 1
#define HAVE_UNISTD_H 1
#define TIME_WITH_SYS_TIME 1
#define SIZEOF_LONG 4
#define SIZEOF_SIZE_T 4
#define HAVE_OPENSSL_BLOWFISH_H 1
#define HAVE_OPENSSL_DES_H 1
#define HAVE_OPENSSL_CAST_H 1
#define HAVE_OPENSSL_AES_H 1
#define HAVE_OPENSSL_ECDSA_H 1
#define HAVE_DLFCN_H 1
#define HAVE_LIBDL 1
#define HAVE_ALLOCA_H 1
#define HAVE_ALLOCA 1
#define HAVE_MALLOC_H 1
#define HAVE_STRERROR 1
#define HAVE_GETLINE 1
#define HAVE_GCC_ATTRIBUTE 1
#define HAVE_FCNTL_LOCKING 1
#define HAVE_LIBGMP 1
#define HAVE_NATIVE_ecc_192_modp 1
#define HAVE_NATIVE_ecc_224_modp 1
#define HAVE_NATIVE_ecc_256_redc 1
#define HAVE_NATIVE_ecc_384_modp 1
#define HAVE_NATIVE_ecc_521_modp 1
#define WITH_HOGWEED 1
#define WITH_OPENSSL 1
#define HAVE_CLOCK_GETTIME 1

configure: exit 0

## ---------------------- ##
## Running config.status. ##
## ---------------------- ##

This file was extended by nettle config.status 3.3, which was
generated by GNU Autoconf 2.69.  Invocation command line was

  CONFIG_FILES    = 
  CONFIG_HEADERS  = 
  CONFIG_LINKS    = 
  CONFIG_COMMANDS = 
  $ ./config.status config.h

on ubuntu

config.status:952: creating config.h
config.status:1133: config.h is unchanged
